\BOOKMARK [0][-]{chapter.1}{\376\377\0001\000\040\000M\000Q\000T\000T\000-\000C\000l\000i\000e\000n\000t\000-\000F\000r\000a\000m\000e\000w\000o\000r\000k}{}% 1
\BOOKMARK [0][-]{chapter.2}{\376\377\0002\000\040\000M\000Q\000T\000T\000-\000C\000l\000i\000e\000n\000t\000-\000F\000r\000a\000m\000e\000w\000o\000r\000k\000\040\000i\000O\000S\000/\000O\000S\000X\000/\000t\000v\000O\000S\000\040\000R\000e\000l\000e\000a\000s\000e\000\040\000N\000o\000t\000e\000s}{}% 2
\BOOKMARK [0][-]{chapter.3}{\376\377\0003\000\040\000H\000i\000e\000r\000a\000r\000c\000h\000i\000c\000a\000l\000\040\000I\000n\000d\000e\000x}{}% 3
\BOOKMARK [1][-]{section.3.1}{\376\377\0003\000.\0001\000\040\000C\000l\000a\000s\000s\000\040\000H\000i\000e\000r\000a\000r\000c\000h\000y}{chapter.3}% 4
\BOOKMARK [0][-]{chapter.4}{\376\377\0004\000\040\000C\000l\000a\000s\000s\000\040\000I\000n\000d\000e\000x}{}% 5
\BOOKMARK [1][-]{section.4.1}{\376\377\0004\000.\0001\000\040\000C\000l\000a\000s\000s\000\040\000L\000i\000s\000t}{chapter.4}% 6
\BOOKMARK [0][-]{chapter.5}{\376\377\0005\000\040\000C\000l\000a\000s\000s\000\040\000D\000o\000c\000u\000m\000e\000n\000t\000a\000t\000i\000o\000n}{}% 7
\BOOKMARK [1][-]{section.5.1}{\376\377\0005\000.\0001\000\040\000M\000Q\000T\000T\000C\000F\000S\000o\000c\000k\000e\000t\000T\000r\000a\000n\000s\000p\000o\000r\000t\000\040\000C\000l\000a\000s\000s\000\040\000R\000e\000f\000e\000r\000e\000n\000c\000e}{chapter.5}% 8
\BOOKMARK [2][-]{subsection.5.1.1}{\376\377\0005\000.\0001\000.\0001\000\040\000D\000e\000t\000a\000i\000l\000e\000d\000\040\000D\000e\000s\000c\000r\000i\000p\000t\000i\000o\000n}{section.5.1}% 9
\BOOKMARK [2][-]{subsection.5.1.2}{\376\377\0005\000.\0001\000.\0002\000\040\000M\000e\000t\000h\000o\000d\000\040\000D\000o\000c\000u\000m\000e\000n\000t\000a\000t\000i\000o\000n}{section.5.1}% 10
\BOOKMARK [3][-]{subsubsection.5.1.2.1}{\376\377\0005\000.\0001\000.\0002\000.\0001\000\040\000c\000l\000i\000e\000n\000t\000C\000e\000r\000t\000s\000F\000r\000o\000m\000P\0001\0002\000:\000p\000a\000s\000s\000p\000h\000r\000a\000s\000e\000:\000\050\000\051}{subsection.5.1.2}% 11
\BOOKMARK [2][-]{subsection.5.1.3}{\376\377\0005\000.\0001\000.\0003\000\040\000P\000r\000o\000p\000e\000r\000t\000y\000\040\000D\000o\000c\000u\000m\000e\000n\000t\000a\000t\000i\000o\000n}{section.5.1}% 12
\BOOKMARK [3][-]{subsubsection.5.1.3.1}{\376\377\0005\000.\0001\000.\0003\000.\0001\000\040\000c\000e\000r\000t\000i\000f\000i\000c\000a\000t\000e\000s}{subsection.5.1.3}% 13
\BOOKMARK [3][-]{subsubsection.5.1.3.2}{\376\377\0005\000.\0001\000.\0003\000.\0002\000\040\000h\000o\000s\000t}{subsection.5.1.3}% 14
\BOOKMARK [3][-]{subsubsection.5.1.3.3}{\376\377\0005\000.\0001\000.\0003\000.\0003\000\040\000p\000o\000r\000t}{subsection.5.1.3}% 15
\BOOKMARK [3][-]{subsubsection.5.1.3.4}{\376\377\0005\000.\0001\000.\0003\000.\0004\000\040\000t\000l\000s}{subsection.5.1.3}% 16
\BOOKMARK [3][-]{subsubsection.5.1.3.5}{\376\377\0005\000.\0001\000.\0003\000.\0005\000\040\000v\000o\000i\000p}{subsection.5.1.3}% 17
\BOOKMARK [1][-]{section.5.2}{\376\377\0005\000.\0002\000\040\000M\000Q\000T\000T\000C\000o\000r\000e\000D\000a\000t\000a\000F\000l\000o\000w\000\040\000C\000l\000a\000s\000s\000\040\000R\000e\000f\000e\000r\000e\000n\000c\000e}{chapter.5}% 18
\BOOKMARK [1][-]{section.5.3}{\376\377\0005\000.\0003\000\040\000M\000Q\000T\000T\000C\000o\000r\000e\000D\000a\000t\000a\000P\000e\000r\000s\000i\000s\000t\000e\000n\000c\000e\000\040\000C\000l\000a\000s\000s\000\040\000R\000e\000f\000e\000r\000e\000n\000c\000e}{chapter.5}% 19
\BOOKMARK [1][-]{section.5.4}{\376\377\0005\000.\0004\000\040\000M\000Q\000T\000T\000F\000l\000o\000w\000\040\000C\000l\000a\000s\000s\000\040\000R\000e\000f\000e\000r\000e\000n\000c\000e}{chapter.5}% 20
\BOOKMARK [1][-]{section.5.5}{\376\377\0005\000.\0005\000\040\000<\000M\000Q\000T\000T\000F\000l\000o\000w\000>\000\040\000P\000r\000o\000t\000o\000c\000o\000l\000\040\000R\000e\000f\000e\000r\000e\000n\000c\000e}{chapter.5}% 21
\BOOKMARK [2][-]{subsection.5.5.1}{\376\377\0005\000.\0005\000.\0001\000\040\000D\000e\000t\000a\000i\000l\000e\000d\000\040\000D\000e\000s\000c\000r\000i\000p\000t\000i\000o\000n}{section.5.5}% 22
\BOOKMARK [2][-]{subsection.5.5.2}{\376\377\0005\000.\0005\000.\0002\000\040\000P\000r\000o\000p\000e\000r\000t\000y\000\040\000D\000o\000c\000u\000m\000e\000n\000t\000a\000t\000i\000o\000n}{section.5.5}% 23
\BOOKMARK [3][-]{subsubsection.5.5.2.1}{\376\377\0005\000.\0005\000.\0002\000.\0001\000\040\000c\000l\000i\000e\000n\000t\000I\000d}{subsection.5.5.2}% 24
\BOOKMARK [3][-]{subsubsection.5.5.2.2}{\376\377\0005\000.\0005\000.\0002\000.\0002\000\040\000c\000o\000m\000m\000a\000n\000d\000T\000y\000p\000e}{subsection.5.5.2}% 25
\BOOKMARK [3][-]{subsubsection.5.5.2.3}{\376\377\0005\000.\0005\000.\0002\000.\0003\000\040\000d\000a\000t\000a}{subsection.5.5.2}% 26
\BOOKMARK [3][-]{subsubsection.5.5.2.4}{\376\377\0005\000.\0005\000.\0002\000.\0004\000\040\000d\000e\000a\000d\000l\000i\000n\000e}{subsection.5.5.2}% 27
\BOOKMARK [3][-]{subsubsection.5.5.2.5}{\376\377\0005\000.\0005\000.\0002\000.\0005\000\040\000i\000n\000c\000o\000m\000i\000n\000g\000F\000l\000a\000g}{subsection.5.5.2}% 28
\BOOKMARK [3][-]{subsubsection.5.5.2.6}{\376\377\0005\000.\0005\000.\0002\000.\0006\000\040\000m\000e\000s\000s\000a\000g\000e\000I\000d}{subsection.5.5.2}% 29
\BOOKMARK [3][-]{subsubsection.5.5.2.7}{\376\377\0005\000.\0005\000.\0002\000.\0007\000\040\000q\000o\000s\000L\000e\000v\000e\000l}{subsection.5.5.2}% 30
\BOOKMARK [3][-]{subsubsection.5.5.2.8}{\376\377\0005\000.\0005\000.\0002\000.\0008\000\040\000r\000e\000t\000a\000i\000n\000e\000d\000F\000l\000a\000g}{subsection.5.5.2}% 31
\BOOKMARK [3][-]{subsubsection.5.5.2.9}{\376\377\0005\000.\0005\000.\0002\000.\0009\000\040\000t\000o\000p\000i\000c}{subsection.5.5.2}% 32
\BOOKMARK [1][-]{section.5.6}{\376\377\0005\000.\0006\000\040\000M\000Q\000T\000T\000I\000n\000M\000e\000m\000o\000r\000y\000F\000l\000o\000w\000\040\000C\000l\000a\000s\000s\000\040\000R\000e\000f\000e\000r\000e\000n\000c\000e}{chapter.5}% 33
\BOOKMARK [1][-]{section.5.7}{\376\377\0005\000.\0007\000\040\000M\000Q\000T\000T\000I\000n\000M\000e\000m\000o\000r\000y\000P\000e\000r\000s\000i\000s\000t\000e\000n\000c\000e\000\040\000C\000l\000a\000s\000s\000\040\000R\000e\000f\000e\000r\000e\000n\000c\000e}{chapter.5}% 34
\BOOKMARK [1][-]{section.5.8}{\376\377\0005\000.\0008\000\040\000M\000Q\000T\000T\000L\000o\000g\000\040\000C\000l\000a\000s\000s\000\040\000R\000e\000f\000e\000r\000e\000n\000c\000e}{chapter.5}% 35
\BOOKMARK [2][-]{subsection.5.8.1}{\376\377\0005\000.\0008\000.\0001\000\040\000D\000e\000t\000a\000i\000l\000e\000d\000\040\000D\000e\000s\000c\000r\000i\000p\000t\000i\000o\000n}{section.5.8}% 36
\BOOKMARK [2][-]{subsection.5.8.2}{\376\377\0005\000.\0008\000.\0002\000\040\000M\000e\000t\000h\000o\000d\000\040\000D\000o\000c\000u\000m\000e\000n\000t\000a\000t\000i\000o\000n}{section.5.8}% 37
\BOOKMARK [3][-]{subsubsection.5.8.2.1}{\376\377\0005\000.\0008\000.\0002\000.\0001\000\040\000s\000e\000t\000L\000o\000g\000L\000e\000v\000e\000l\000:\000\050\000\051}{subsection.5.8.2}% 38
\BOOKMARK [1][-]{section.5.9}{\376\377\0005\000.\0009\000\040\000<\000M\000Q\000T\000T\000P\000e\000r\000s\000i\000s\000t\000e\000n\000c\000e\000>\000\040\000P\000r\000o\000t\000o\000c\000o\000l\000\040\000R\000e\000f\000e\000r\000e\000n\000c\000e}{chapter.5}% 39
\BOOKMARK [2][-]{subsection.5.9.1}{\376\377\0005\000.\0009\000.\0001\000\040\000D\000e\000t\000a\000i\000l\000e\000d\000\040\000D\000e\000s\000c\000r\000i\000p\000t\000i\000o\000n}{section.5.9}% 40
\BOOKMARK [2][-]{subsection.5.9.2}{\376\377\0005\000.\0009\000.\0002\000\040\000M\000e\000t\000h\000o\000d\000\040\000D\000o\000c\000u\000m\000e\000n\000t\000a\000t\000i\000o\000n}{section.5.9}% 41
\BOOKMARK [3][-]{subsubsection.5.9.2.1}{\376\377\0005\000.\0009\000.\0002\000.\0001\000\040\000a\000l\000l\000F\000l\000o\000w\000s\000f\000o\000r\000C\000l\000i\000e\000n\000t\000I\000d\000:\000i\000n\000c\000o\000m\000i\000n\000g\000F\000l\000a\000g\000:\000\050\000\051}{subsection.5.9.2}% 42
\BOOKMARK [3][-]{subsubsection.5.9.2.2}{\376\377\0005\000.\0009\000.\0002\000.\0002\000\040\000d\000e\000l\000e\000t\000e\000A\000l\000l\000F\000l\000o\000w\000s\000F\000o\000r\000C\000l\000i\000e\000n\000t\000I\000d\000:\000\050\000\051}{subsection.5.9.2}% 43
\BOOKMARK [3][-]{subsubsection.5.9.2.3}{\376\377\0005\000.\0009\000.\0002\000.\0003\000\040\000d\000e\000l\000e\000t\000e\000F\000l\000o\000w\000:\000\050\000\051}{subsection.5.9.2}% 44
\BOOKMARK [3][-]{subsubsection.5.9.2.4}{\376\377\0005\000.\0009\000.\0002\000.\0004\000\040\000f\000l\000o\000w\000f\000o\000r\000C\000l\000i\000e\000n\000t\000I\000d\000:\000i\000n\000c\000o\000m\000i\000n\000g\000F\000l\000a\000g\000:\000m\000e\000s\000s\000a\000g\000e\000I\000d\000:\000\050\000\051}{subsection.5.9.2}% 45
\BOOKMARK [3][-]{subsubsection.5.9.2.5}{\376\377\0005\000.\0009\000.\0002\000.\0005\000\040\000s\000t\000o\000r\000e\000M\000e\000s\000s\000a\000g\000e\000F\000o\000r\000C\000l\000i\000e\000n\000t\000I\000d\000:\000t\000o\000p\000i\000c\000:\000d\000a\000t\000a\000:\000r\000e\000t\000a\000i\000n\000F\000l\000a\000g\000:\000q\000o\000s\000:\000m\000s\000g\000I\000d\000:\000i\000n\000c\000o\000m\000i\000n\000g\000F\000l\000a\000g\000:\000c\000o\000m\000m\000a\000n\000d\000T\000y\000p\000e\000:\000d\000e\000a\000d\000l\000i\000n\000e\000:\000\050\000\051}{subsection.5.9.2}% 46
\BOOKMARK [3][-]{subsubsection.5.9.2.6}{\376\377\0005\000.\0009\000.\0002\000.\0006\000\040\000s\000y\000n\000c\000\050\000\051}{subsection.5.9.2}% 47
\BOOKMARK [3][-]{subsubsection.5.9.2.7}{\376\377\0005\000.\0009\000.\0002\000.\0007\000\040\000w\000i\000n\000d\000o\000w\000S\000i\000z\000e\000:\000\050\000\051}{subsection.5.9.2}% 48
\BOOKMARK [2][-]{subsection.5.9.3}{\376\377\0005\000.\0009\000.\0003\000\040\000P\000r\000o\000p\000e\000r\000t\000y\000\040\000D\000o\000c\000u\000m\000e\000n\000t\000a\000t\000i\000o\000n}{section.5.9}% 49
\BOOKMARK [3][-]{subsubsection.5.9.3.1}{\376\377\0005\000.\0009\000.\0003\000.\0001\000\040\000m\000a\000x\000M\000e\000s\000s\000a\000g\000e\000s}{subsection.5.9.3}% 50
\BOOKMARK [3][-]{subsubsection.5.9.3.2}{\376\377\0005\000.\0009\000.\0003\000.\0002\000\040\000m\000a\000x\000S\000i\000z\000e}{subsection.5.9.3}% 51
\BOOKMARK [3][-]{subsubsection.5.9.3.3}{\376\377\0005\000.\0009\000.\0003\000.\0003\000\040\000m\000a\000x\000W\000i\000n\000d\000o\000w\000S\000i\000z\000e}{subsection.5.9.3}% 52
\BOOKMARK [3][-]{subsubsection.5.9.3.4}{\376\377\0005\000.\0009\000.\0003\000.\0004\000\040\000p\000e\000r\000s\000i\000s\000t\000e\000n\000t}{subsection.5.9.3}% 53
\BOOKMARK [1][-]{section.5.10}{\376\377\0005\000.\0001\0000\000\040\000M\000Q\000T\000T\000S\000e\000s\000s\000i\000o\000n\000\040\000C\000l\000a\000s\000s\000\040\000R\000e\000f\000e\000r\000e\000n\000c\000e}{chapter.5}% 54
\BOOKMARK [2][-]{subsection.5.10.1}{\376\377\0005\000.\0001\0000\000.\0001\000\040\000D\000e\000t\000a\000i\000l\000e\000d\000\040\000D\000e\000s\000c\000r\000i\000p\000t\000i\000o\000n}{section.5.10}% 55
\BOOKMARK [2][-]{subsection.5.10.2}{\376\377\0005\000.\0001\0000\000.\0002\000\040\000M\000e\000t\000h\000o\000d\000\040\000D\000o\000c\000u\000m\000e\000n\000t\000a\000t\000i\000o\000n}{section.5.10}% 56
\BOOKMARK [3][-]{subsubsection.5.10.2.1}{\376\377\0005\000.\0001\0000\000.\0002\000.\0001\000\040\000c\000l\000o\000s\000e\000\050\000\051}{subsection.5.10.2}% 57
\BOOKMARK [3][-]{subsubsection.5.10.2.2}{\376\377\0005\000.\0001\0000\000.\0002\000.\0002\000\040\000c\000l\000o\000s\000e\000W\000i\000t\000h\000D\000i\000s\000c\000o\000n\000n\000e\000c\000t\000H\000a\000n\000d\000l\000e\000r\000:\000\050\000\051}{subsection.5.10.2}% 58
\BOOKMARK [3][-]{subsubsection.5.10.2.3}{\376\377\0005\000.\0001\0000\000.\0002\000.\0003\000\040\000c\000l\000o\000s\000e\000W\000i\000t\000h\000R\000e\000t\000u\000r\000n\000C\000o\000d\000e\000:\000s\000e\000s\000s\000i\000o\000n\000E\000x\000p\000i\000r\000y\000I\000n\000t\000e\000r\000v\000a\000l\000:\000r\000e\000a\000s\000o\000n\000S\000t\000r\000i\000n\000g\000:\000u\000s\000e\000r\000P\000r\000o\000p\000e\000r\000t\000y\000:\000d\000i\000s\000c\000o\000n\000n\000e\000c\000t\000H\000a\000n\000d\000l\000e\000r\000:\000\050\000\051}{subsection.5.10.2}% 59
\BOOKMARK [3][-]{subsubsection.5.10.2.4}{\376\377\0005\000.\0001\0000\000.\0002\000.\0004\000\040\000c\000o\000n\000n\000e\000c\000t\000\050\000\051}{subsection.5.10.2}% 60
\BOOKMARK [3][-]{subsubsection.5.10.2.5}{\376\377\0005\000.\0001\0000\000.\0002\000.\0005\000\040\000c\000o\000n\000n\000e\000c\000t\000W\000i\000t\000h\000C\000o\000n\000n\000e\000c\000t\000H\000a\000n\000d\000l\000e\000r\000:\000\050\000\051}{subsection.5.10.2}% 61
\BOOKMARK [3][-]{subsubsection.5.10.2.6}{\376\377\0005\000.\0001\0000\000.\0002\000.\0006\000\040\000d\000i\000s\000c\000o\000n\000n\000e\000c\000t\000\050\000\051}{subsection.5.10.2}% 62
\BOOKMARK [3][-]{subsubsection.5.10.2.7}{\376\377\0005\000.\0001\0000\000.\0002\000.\0007\000\040\000d\000i\000s\000c\000o\000n\000n\000e\000c\000t\000W\000i\000t\000h\000R\000e\000t\000u\000r\000n\000C\000o\000d\000e\000:\000s\000e\000s\000s\000i\000o\000n\000E\000x\000p\000i\000r\000y\000I\000n\000t\000e\000r\000v\000a\000l\000:\000r\000e\000a\000s\000o\000n\000S\000t\000r\000i\000n\000g\000:\000u\000s\000e\000r\000P\000r\000o\000p\000e\000r\000t\000y\000:\000\050\000\051}{subsection.5.10.2}% 63
\BOOKMARK [3][-]{subsubsection.5.10.2.8}{\376\377\0005\000.\0001\0000\000.\0002\000.\0008\000\040\000i\000n\000i\000t\000\050\000\051}{subsection.5.10.2}% 64
\BOOKMARK [3][-]{subsubsection.5.10.2.9}{\376\377\0005\000.\0001\0000\000.\0002\000.\0009\000\040\000p\000u\000b\000l\000i\000s\000h\000D\000a\000t\000a\000:\000o\000n\000T\000o\000p\000i\000c\000:\000r\000e\000t\000a\000i\000n\000:\000q\000o\000s\000:\000\050\000\051}{subsection.5.10.2}% 65
\BOOKMARK [3][-]{subsubsection.5.10.2.10}{\376\377\0005\000.\0001\0000\000.\0002\000.\0001\0000\000\040\000p\000u\000b\000l\000i\000s\000h\000D\000a\000t\000a\000:\000o\000n\000T\000o\000p\000i\000c\000:\000r\000e\000t\000a\000i\000n\000:\000q\000o\000s\000:\000p\000u\000b\000l\000i\000s\000h\000H\000a\000n\000d\000l\000e\000r\000:\000\050\000\051}{subsection.5.10.2}% 66
\BOOKMARK [3][-]{subsubsection.5.10.2.11}{\376\377\0005\000.\0001\0000\000.\0002\000.\0001\0001\000\040\000s\000u\000b\000s\000c\000r\000i\000b\000e\000T\000o\000T\000o\000p\000i\000c\000:\000a\000t\000L\000e\000v\000e\000l\000:\000\050\000\051}{subsection.5.10.2}% 67
\BOOKMARK [3][-]{subsubsection.5.10.2.12}{\376\377\0005\000.\0001\0000\000.\0002\000.\0001\0002\000\040\000s\000u\000b\000s\000c\000r\000i\000b\000e\000T\000o\000T\000o\000p\000i\000c\000:\000a\000t\000L\000e\000v\000e\000l\000:\000s\000u\000b\000s\000c\000r\000i\000b\000e\000H\000a\000n\000d\000l\000e\000r\000:\000\050\000\051}{subsection.5.10.2}% 68
\BOOKMARK [3][-]{subsubsection.5.10.2.13}{\376\377\0005\000.\0001\0000\000.\0002\000.\0001\0003\000\040\000s\000u\000b\000s\000c\000r\000i\000b\000e\000T\000o\000T\000o\000p\000i\000c\000s\000:\000\050\000\051}{subsection.5.10.2}% 69
\BOOKMARK [3][-]{subsubsection.5.10.2.14}{\376\377\0005\000.\0001\0000\000.\0002\000.\0001\0004\000\040\000s\000u\000b\000s\000c\000r\000i\000b\000e\000T\000o\000T\000o\000p\000i\000c\000s\000:\000s\000u\000b\000s\000c\000r\000i\000b\000e\000H\000a\000n\000d\000l\000e\000r\000:\000\050\000\051}{subsection.5.10.2}% 70
\BOOKMARK [3][-]{subsubsection.5.10.2.15}{\376\377\0005\000.\0001\0000\000.\0002\000.\0001\0005\000\040\000u\000n\000s\000u\000b\000s\000c\000r\000i\000b\000e\000T\000o\000p\000i\000c\000:\000\050\000\051}{subsection.5.10.2}% 71
\BOOKMARK [3][-]{subsubsection.5.10.2.16}{\376\377\0005\000.\0001\0000\000.\0002\000.\0001\0006\000\040\000u\000n\000s\000u\000b\000s\000c\000r\000i\000b\000e\000T\000o\000p\000i\000c\000:\000u\000n\000s\000u\000b\000s\000c\000r\000i\000b\000e\000H\000a\000n\000d\000l\000e\000r\000:\000\050\000\051}{subsection.5.10.2}% 72
\BOOKMARK [3][-]{subsubsection.5.10.2.17}{\376\377\0005\000.\0001\0000\000.\0002\000.\0001\0007\000\040\000u\000n\000s\000u\000b\000s\000c\000r\000i\000b\000e\000T\000o\000p\000i\000c\000s\000:\000\050\000\051}{subsection.5.10.2}% 73
\BOOKMARK [3][-]{subsubsection.5.10.2.18}{\376\377\0005\000.\0001\0000\000.\0002\000.\0001\0008\000\040\000u\000n\000s\000u\000b\000s\000c\000r\000i\000b\000e\000T\000o\000p\000i\000c\000s\000:\000u\000n\000s\000u\000b\000s\000c\000r\000i\000b\000e\000H\000a\000n\000d\000l\000e\000r\000:\000\050\000\051}{subsection.5.10.2}% 74
\BOOKMARK [2][-]{subsection.5.10.3}{\376\377\0005\000.\0001\0000\000.\0003\000\040\000P\000r\000o\000p\000e\000r\000t\000y\000\040\000D\000o\000c\000u\000m\000e\000n\000t\000a\000t\000i\000o\000n}{section.5.10}% 75
\BOOKMARK [3][-]{subsubsection.5.10.3.1}{\376\377\0005\000.\0001\0000\000.\0003\000.\0001\000\040\000a\000u\000t\000h\000D\000a\000t\000a}{subsection.5.10.3}% 76
\BOOKMARK [3][-]{subsubsection.5.10.3.2}{\376\377\0005\000.\0001\0000\000.\0003\000.\0002\000\040\000a\000u\000t\000h\000M\000e\000t\000h\000o\000d}{subsection.5.10.3}% 77
\BOOKMARK [3][-]{subsubsection.5.10.3.3}{\376\377\0005\000.\0001\0000\000.\0003\000.\0003\000\040\000c\000e\000r\000t\000i\000f\000i\000c\000a\000t\000e\000s}{subsection.5.10.3}% 78
\BOOKMARK [3][-]{subsubsection.5.10.3.4}{\376\377\0005\000.\0001\0000\000.\0003\000.\0004\000\040\000c\000l\000e\000a\000n\000S\000e\000s\000s\000i\000o\000n\000F\000l\000a\000g}{subsection.5.10.3}% 79
\BOOKMARK [3][-]{subsubsection.5.10.3.5}{\376\377\0005\000.\0001\0000\000.\0003\000.\0005\000\040\000c\000l\000i\000e\000n\000t\000I\000d}{subsection.5.10.3}% 80
\BOOKMARK [3][-]{subsubsection.5.10.3.6}{\376\377\0005\000.\0001\0000\000.\0003\000.\0006\000\040\000c\000o\000n\000n\000e\000c\000t\000H\000a\000n\000d\000l\000e\000r}{subsection.5.10.3}% 81
\BOOKMARK [3][-]{subsubsection.5.10.3.7}{\376\377\0005\000.\0001\0000\000.\0003\000.\0007\000\040\000c\000o\000n\000n\000e\000c\000t\000i\000o\000n\000H\000a\000n\000d\000l\000e\000r}{subsection.5.10.3}% 82
\BOOKMARK [3][-]{subsubsection.5.10.3.8}{\376\377\0005\000.\0001\0000\000.\0003\000.\0008\000\040\000c\000o\000n\000n\000e\000c\000t\000M\000e\000s\000s\000a\000g\000e}{subsection.5.10.3}% 83
\BOOKMARK [3][-]{subsubsection.5.10.3.9}{\376\377\0005\000.\0001\0000\000.\0003\000.\0009\000\040\000d\000e\000l\000e\000g\000a\000t\000e}{subsection.5.10.3}% 84
\BOOKMARK [3][-]{subsubsection.5.10.3.10}{\376\377\0005\000.\0001\0000\000.\0003\000.\0001\0000\000\040\000d\000u\000p\000T\000i\000m\000e\000o\000u\000t}{subsection.5.10.3}% 85
\BOOKMARK [3][-]{subsubsection.5.10.3.11}{\376\377\0005\000.\0001\0000\000.\0003\000.\0001\0001\000\040\000e\000f\000f\000e\000c\000t\000i\000v\000e\000K\000e\000e\000p\000A\000l\000i\000v\000e}{subsection.5.10.3}% 86
\BOOKMARK [3][-]{subsubsection.5.10.3.12}{\376\377\0005\000.\0001\0000\000.\0003\000.\0001\0002\000\040\000h\000o\000s\000t}{subsection.5.10.3}% 87
\BOOKMARK [3][-]{subsubsection.5.10.3.13}{\376\377\0005\000.\0001\0000\000.\0003\000.\0001\0003\000\040\000k\000e\000e\000p\000A\000l\000i\000v\000e\000I\000n\000t\000e\000r\000v\000a\000l}{subsection.5.10.3}% 88
\BOOKMARK [3][-]{subsubsection.5.10.3.14}{\376\377\0005\000.\0001\0000\000.\0003\000.\0001\0004\000\040\000m\000a\000x\000i\000m\000u\000m\000P\000a\000c\000k\000e\000t\000S\000i\000z\000e}{subsection.5.10.3}% 89
\BOOKMARK [3][-]{subsubsection.5.10.3.15}{\376\377\0005\000.\0001\0000\000.\0003\000.\0001\0005\000\040\000m\000e\000s\000s\000a\000g\000e\000H\000a\000n\000d\000l\000e\000r}{subsection.5.10.3}% 90
\BOOKMARK [3][-]{subsubsection.5.10.3.16}{\376\377\0005\000.\0001\0000\000.\0003\000.\0001\0006\000\040\000p\000a\000s\000s\000w\000o\000r\000d}{subsection.5.10.3}% 91
\BOOKMARK [3][-]{subsubsection.5.10.3.17}{\376\377\0005\000.\0001\0000\000.\0003\000.\0001\0007\000\040\000p\000e\000r\000s\000i\000s\000t\000e\000n\000c\000e}{subsection.5.10.3}% 92
\BOOKMARK [3][-]{subsubsection.5.10.3.18}{\376\377\0005\000.\0001\0000\000.\0003\000.\0001\0008\000\040\000p\000o\000r\000t}{subsection.5.10.3}% 93
\BOOKMARK [3][-]{subsubsection.5.10.3.19}{\376\377\0005\000.\0001\0000\000.\0003\000.\0001\0009\000\040\000p\000r\000o\000t\000o\000c\000o\000l\000L\000e\000v\000e\000l}{subsection.5.10.3}% 94
\BOOKMARK [3][-]{subsubsection.5.10.3.20}{\376\377\0005\000.\0001\0000\000.\0003\000.\0002\0000\000\040\000r\000e\000c\000e\000i\000v\000e\000M\000a\000x\000i\000m\000u\000m}{subsection.5.10.3}% 95
\BOOKMARK [3][-]{subsubsection.5.10.3.21}{\376\377\0005\000.\0001\0000\000.\0003\000.\0002\0001\000\040\000r\000e\000q\000u\000e\000s\000t\000P\000r\000o\000b\000l\000e\000m\000I\000n\000f\000o\000r\000m\000a\000t\000i\000o\000n}{subsection.5.10.3}% 96
\BOOKMARK [3][-]{subsubsection.5.10.3.22}{\376\377\0005\000.\0001\0000\000.\0003\000.\0002\0002\000\040\000r\000e\000q\000u\000e\000s\000t\000R\000e\000s\000p\000o\000n\000s\000e\000I\000n\000f\000o\000r\000m\000a\000t\000i\000o\000n}{subsection.5.10.3}% 97
\BOOKMARK [3][-]{subsubsection.5.10.3.23}{\376\377\0005\000.\0001\0000\000.\0003\000.\0002\0003\000\040\000r\000u\000n\000L\000o\000o\000p}{subsection.5.10.3}% 98
\BOOKMARK [3][-]{subsubsection.5.10.3.24}{\376\377\0005\000.\0001\0000\000.\0003\000.\0002\0004\000\040\000r\000u\000n\000L\000o\000o\000p\000M\000o\000d\000e}{subsection.5.10.3}% 99
\BOOKMARK [3][-]{subsubsection.5.10.3.25}{\376\377\0005\000.\0001\0000\000.\0003\000.\0002\0005\000\040\000s\000e\000r\000v\000e\000r\000K\000e\000e\000p\000A\000l\000i\000v\000e}{subsection.5.10.3}% 100
\BOOKMARK [3][-]{subsubsection.5.10.3.26}{\376\377\0005\000.\0001\0000\000.\0003\000.\0002\0006\000\040\000s\000e\000s\000s\000i\000o\000n\000E\000x\000p\000i\000r\000y\000I\000n\000t\000e\000r\000v\000a\000l}{subsection.5.10.3}% 101
\BOOKMARK [3][-]{subsubsection.5.10.3.27}{\376\377\0005\000.\0001\0000\000.\0003\000.\0002\0007\000\040\000s\000e\000s\000s\000i\000o\000n\000P\000r\000e\000s\000e\000n\000t}{subsection.5.10.3}% 102
\BOOKMARK [3][-]{subsubsection.5.10.3.28}{\376\377\0005\000.\0001\0000\000.\0003\000.\0002\0008\000\040\000s\000t\000a\000t\000u\000s}{subsection.5.10.3}% 103
\BOOKMARK [3][-]{subsubsection.5.10.3.29}{\376\377\0005\000.\0001\0000\000.\0003\000.\0002\0009\000\040\000t\000o\000p\000i\000c\000A\000l\000i\000a\000s\000M\000a\000x\000i\000m\000u\000m}{subsection.5.10.3}% 104
\BOOKMARK [3][-]{subsubsection.5.10.3.30}{\376\377\0005\000.\0001\0000\000.\0003\000.\0003\0000\000\040\000t\000r\000a\000n\000s\000p\000o\000r\000t}{subsection.5.10.3}% 105
\BOOKMARK [3][-]{subsubsection.5.10.3.31}{\376\377\0005\000.\0001\0000\000.\0003\000.\0003\0001\000\040\000u\000s\000e\000r\000N\000a\000m\000e}{subsection.5.10.3}% 106
\BOOKMARK [3][-]{subsubsection.5.10.3.32}{\376\377\0005\000.\0001\0000\000.\0003\000.\0003\0002\000\040\000u\000s\000e\000r\000P\000r\000o\000p\000e\000r\000t\000y}{subsection.5.10.3}% 107
\BOOKMARK [3][-]{subsubsection.5.10.3.33}{\376\377\0005\000.\0001\0000\000.\0003\000.\0003\0003\000\040\000v\000o\000i\000p}{subsection.5.10.3}% 108
\BOOKMARK [3][-]{subsubsection.5.10.3.34}{\376\377\0005\000.\0001\0000\000.\0003\000.\0003\0004\000\040\000w\000i\000l\000l\000D\000e\000l\000a\000y\000I\000n\000t\000e\000r\000v\000a\000l}{subsection.5.10.3}% 109
\BOOKMARK [3][-]{subsubsection.5.10.3.35}{\376\377\0005\000.\0001\0000\000.\0003\000.\0003\0005\000\040\000w\000i\000l\000l\000F\000l\000a\000g}{subsection.5.10.3}% 110
\BOOKMARK [3][-]{subsubsection.5.10.3.36}{\376\377\0005\000.\0001\0000\000.\0003\000.\0003\0006\000\040\000w\000i\000l\000l\000M\000s\000g}{subsection.5.10.3}% 111
\BOOKMARK [3][-]{subsubsection.5.10.3.37}{\376\377\0005\000.\0001\0000\000.\0003\000.\0003\0007\000\040\000w\000i\000l\000l\000Q\000o\000S}{subsection.5.10.3}% 112
\BOOKMARK [3][-]{subsubsection.5.10.3.38}{\376\377\0005\000.\0001\0000\000.\0003\000.\0003\0008\000\040\000w\000i\000l\000l\000R\000e\000t\000a\000i\000n\000F\000l\000a\000g}{subsection.5.10.3}% 113
\BOOKMARK [3][-]{subsubsection.5.10.3.39}{\376\377\0005\000.\0001\0000\000.\0003\000.\0003\0009\000\040\000w\000i\000l\000l\000T\000o\000p\000i\000c}{subsection.5.10.3}% 114
\BOOKMARK [1][-]{section.5.11}{\376\377\0005\000.\0001\0001\000\040\000<\000M\000Q\000T\000T\000S\000e\000s\000s\000i\000o\000n\000D\000e\000l\000e\000g\000a\000t\000e\000\040\000>\000\040\000P\000r\000o\000t\000o\000c\000o\000l\000\040\000R\000e\000f\000e\000r\000e\000n\000c\000e}{chapter.5}% 115
\BOOKMARK [2][-]{subsection.5.11.1}{\376\377\0005\000.\0001\0001\000.\0001\000\040\000D\000e\000t\000a\000i\000l\000e\000d\000\040\000D\000e\000s\000c\000r\000i\000p\000t\000i\000o\000n}{section.5.11}% 116
\BOOKMARK [2][-]{subsection.5.11.2}{\376\377\0005\000.\0001\0001\000.\0002\000\040\000M\000e\000t\000h\000o\000d\000\040\000D\000o\000c\000u\000m\000e\000n\000t\000a\000t\000i\000o\000n}{section.5.11}% 117
\BOOKMARK [3][-]{subsubsection.5.11.2.1}{\376\377\0005\000.\0001\0001\000.\0002\000.\0001\000\040\000b\000u\000f\000f\000e\000r\000e\000d\000:\000f\000l\000o\000w\000i\000n\000g\000I\000n\000:\000f\000l\000o\000w\000i\000n\000g\000O\000u\000t\000:\000\050\000\051}{subsection.5.11.2}% 118
\BOOKMARK [3][-]{subsubsection.5.11.2.2}{\376\377\0005\000.\0001\0001\000.\0002\000.\0002\000\040\000b\000u\000f\000f\000e\000r\000e\000d\000:\000q\000u\000e\000u\000e\000d\000:\000f\000l\000o\000w\000i\000n\000g\000I\000n\000:\000f\000l\000o\000w\000i\000n\000g\000O\000u\000t\000:\000\050\000\051}{subsection.5.11.2}% 119
\BOOKMARK [3][-]{subsubsection.5.11.2.3}{\376\377\0005\000.\0001\0001\000.\0002\000.\0003\000\040\000c\000o\000n\000n\000e\000c\000t\000e\000d\000:\000\050\000\051}{subsection.5.11.2}% 120
\BOOKMARK [3][-]{subsubsection.5.11.2.4}{\376\377\0005\000.\0001\0001\000.\0002\000.\0004\000\040\000c\000o\000n\000n\000e\000c\000t\000e\000d\000:\000s\000e\000s\000s\000i\000o\000n\000P\000r\000e\000s\000e\000n\000t\000:\000\050\000\051}{subsection.5.11.2}% 121
\BOOKMARK [3][-]{subsubsection.5.11.2.5}{\376\377\0005\000.\0001\0001\000.\0002\000.\0005\000\040\000c\000o\000n\000n\000e\000c\000t\000i\000o\000n\000C\000l\000o\000s\000e\000d\000:\000\050\000\051}{subsection.5.11.2}% 122
\BOOKMARK [3][-]{subsubsection.5.11.2.6}{\376\377\0005\000.\0001\0001\000.\0002\000.\0006\000\040\000c\000o\000n\000n\000e\000c\000t\000i\000o\000n\000E\000r\000r\000o\000r\000:\000e\000r\000r\000o\000r\000:\000\050\000\051}{subsection.5.11.2}% 123
\BOOKMARK [3][-]{subsubsection.5.11.2.7}{\376\377\0005\000.\0001\0001\000.\0002\000.\0007\000\040\000c\000o\000n\000n\000e\000c\000t\000i\000o\000n\000R\000e\000f\000u\000s\000e\000d\000:\000e\000r\000r\000o\000r\000:\000\050\000\051}{subsection.5.11.2}% 124
\BOOKMARK [3][-]{subsubsection.5.11.2.8}{\376\377\0005\000.\0001\0001\000.\0002\000.\0008\000\040\000h\000a\000n\000d\000l\000e\000E\000v\000e\000n\000t\000:\000e\000v\000e\000n\000t\000:\000e\000r\000r\000o\000r\000:\000\050\000\051}{subsection.5.11.2}% 125
\BOOKMARK [3][-]{subsubsection.5.11.2.9}{\376\377\0005\000.\0001\0001\000.\0002\000.\0009\000\040\000i\000g\000n\000o\000r\000e\000R\000e\000c\000e\000i\000v\000e\000d\000:\000t\000y\000p\000e\000:\000q\000o\000s\000:\000r\000e\000t\000a\000i\000n\000e\000d\000:\000d\000u\000p\000e\000d\000:\000m\000i\000d\000:\000d\000a\000t\000a\000:\000\050\000\051}{subsection.5.11.2}% 126
\BOOKMARK [3][-]{subsubsection.5.11.2.10}{\376\377\0005\000.\0001\0001\000.\0002\000.\0001\0000\000\040\000m\000e\000s\000s\000a\000g\000e\000D\000e\000l\000i\000v\000e\000r\000e\000d\000:\000m\000s\000g\000I\000D\000:\000\050\000\051}{subsection.5.11.2}% 127
\BOOKMARK [3][-]{subsubsection.5.11.2.11}{\376\377\0005\000.\0001\0001\000.\0002\000.\0001\0001\000\040\000m\000e\000s\000s\000a\000g\000e\000D\000e\000l\000i\000v\000e\000r\000e\000d\000:\000m\000s\000g\000I\000D\000:\000t\000o\000p\000i\000c\000:\000d\000a\000t\000a\000:\000q\000o\000s\000:\000r\000e\000t\000a\000i\000n\000F\000l\000a\000g\000:\000\050\000\051}{subsection.5.11.2}% 128
\BOOKMARK [3][-]{subsubsection.5.11.2.12}{\376\377\0005\000.\0001\0001\000.\0002\000.\0001\0002\000\040\000n\000e\000w\000M\000e\000s\000s\000a\000g\000e\000:\000d\000a\000t\000a\000:\000o\000n\000T\000o\000p\000i\000c\000:\000q\000o\000s\000:\000r\000e\000t\000a\000i\000n\000e\000d\000:\000m\000i\000d\000:\000\050\000\051}{subsection.5.11.2}% 129
\BOOKMARK [3][-]{subsubsection.5.11.2.13}{\376\377\0005\000.\0001\0001\000.\0002\000.\0001\0003\000\040\000n\000e\000w\000M\000e\000s\000s\000a\000g\000e\000W\000i\000t\000h\000F\000e\000e\000d\000b\000a\000c\000k\000:\000d\000a\000t\000a\000:\000o\000n\000T\000o\000p\000i\000c\000:\000q\000o\000s\000:\000r\000e\000t\000a\000i\000n\000e\000d\000:\000m\000i\000d\000:\000\050\000\051}{subsection.5.11.2}% 130
\BOOKMARK [3][-]{subsubsection.5.11.2.14}{\376\377\0005\000.\0001\0001\000.\0002\000.\0001\0004\000\040\000p\000r\000o\000t\000o\000c\000o\000l\000E\000r\000r\000o\000r\000:\000e\000r\000r\000o\000r\000:\000\050\000\051}{subsection.5.11.2}% 131
\BOOKMARK [3][-]{subsubsection.5.11.2.15}{\376\377\0005\000.\0001\0001\000.\0002\000.\0001\0005\000\040\000r\000e\000c\000e\000i\000v\000e\000d\000:\000t\000y\000p\000e\000:\000q\000o\000s\000:\000r\000e\000t\000a\000i\000n\000e\000d\000:\000d\000u\000p\000e\000d\000:\000m\000i\000d\000:\000d\000a\000t\000a\000:\000\050\000\051}{subsection.5.11.2}% 132
\BOOKMARK [3][-]{subsubsection.5.11.2.16}{\376\377\0005\000.\0001\0001\000.\0002\000.\0001\0006\000\040\000s\000e\000n\000d\000i\000n\000g\000:\000t\000y\000p\000e\000:\000q\000o\000s\000:\000r\000e\000t\000a\000i\000n\000e\000d\000:\000d\000u\000p\000e\000d\000:\000m\000i\000d\000:\000d\000a\000t\000a\000:\000\050\000\051}{subsection.5.11.2}% 133
\BOOKMARK [3][-]{subsubsection.5.11.2.17}{\376\377\0005\000.\0001\0001\000.\0002\000.\0001\0007\000\040\000s\000e\000s\000s\000i\000o\000n\000:\000h\000a\000n\000d\000l\000e\000E\000v\000e\000n\000t\000:\000\050\000\051}{subsection.5.11.2}% 134
\BOOKMARK [3][-]{subsubsection.5.11.2.18}{\376\377\0005\000.\0001\0001\000.\0002\000.\0001\0008\000\040\000s\000e\000s\000s\000i\000o\000n\000:\000n\000e\000w\000M\000e\000s\000s\000a\000g\000e\000:\000o\000n\000T\000o\000p\000i\000c\000:\000\050\000\051}{subsection.5.11.2}% 135
\BOOKMARK [3][-]{subsubsection.5.11.2.19}{\376\377\0005\000.\0001\0001\000.\0002\000.\0001\0009\000\040\000s\000u\000b\000A\000c\000k\000R\000e\000c\000e\000i\000v\000e\000d\000:\000m\000s\000g\000I\000D\000:\000g\000r\000a\000n\000t\000e\000d\000Q\000o\000s\000s\000:\000\050\000\051}{subsection.5.11.2}% 136
\BOOKMARK [3][-]{subsubsection.5.11.2.20}{\376\377\0005\000.\0001\0001\000.\0002\000.\0002\0000\000\040\000u\000n\000s\000u\000b\000A\000c\000k\000R\000e\000c\000e\000i\000v\000e\000d\000:\000m\000s\000g\000I\000D\000:\000\050\000\051}{subsection.5.11.2}% 137
\BOOKMARK [1][-]{section.5.12}{\376\377\0005\000.\0001\0002\000\040\000M\000Q\000T\000T\000S\000e\000s\000s\000i\000o\000n\000M\000a\000n\000a\000g\000e\000r\000\040\000C\000l\000a\000s\000s\000\040\000R\000e\000f\000e\000r\000e\000n\000c\000e}{chapter.5}% 138
\BOOKMARK [2][-]{subsection.5.12.1}{\376\377\0005\000.\0001\0002\000.\0001\000\040\000D\000e\000t\000a\000i\000l\000e\000d\000\040\000D\000e\000s\000c\000r\000i\000p\000t\000i\000o\000n}{section.5.12}% 139
\BOOKMARK [2][-]{subsection.5.12.2}{\376\377\0005\000.\0001\0002\000.\0002\000\040\000M\000e\000t\000h\000o\000d\000\040\000D\000o\000c\000u\000m\000e\000n\000t\000a\000t\000i\000o\000n}{section.5.12}% 140
\BOOKMARK [3][-]{subsubsection.5.12.2.1}{\376\377\0005\000.\0001\0002\000.\0002\000.\0001\000\040\000c\000o\000n\000n\000e\000c\000t\000T\000o\000:\000p\000o\000r\000t\000:\000t\000l\000s\000:\000k\000e\000e\000p\000a\000l\000i\000v\000e\000:\000c\000l\000e\000a\000n\000:\000a\000u\000t\000h\000:\000u\000s\000e\000r\000:\000p\000a\000s\000s\000:\000w\000i\000l\000l\000:\000w\000i\000l\000l\000T\000o\000p\000i\000c\000:\000w\000i\000l\000l\000M\000s\000g\000:\000w\000i\000l\000l\000Q\000o\000s\000:\000w\000i\000l\000l\000R\000e\000t\000a\000i\000n\000F\000l\000a\000g\000:\000w\000i\000t\000h\000C\000l\000i\000e\000n\000t\000I\000d\000:\000\050\000\051}{subsection.5.12.2}% 141
\BOOKMARK [3][-]{subsubsection.5.12.2.2}{\376\377\0005\000.\0001\0002\000.\0002\000.\0002\000\040\000c\000o\000n\000n\000e\000c\000t\000T\000o\000:\000p\000o\000r\000t\000:\000t\000l\000s\000:\000k\000e\000e\000p\000a\000l\000i\000v\000e\000:\000c\000l\000e\000a\000n\000:\000a\000u\000t\000h\000:\000u\000s\000e\000r\000:\000p\000a\000s\000s\000:\000w\000i\000l\000l\000:\000w\000i\000l\000l\000T\000o\000p\000i\000c\000:\000w\000i\000l\000l\000M\000s\000g\000:\000w\000i\000l\000l\000Q\000o\000s\000:\000w\000i\000l\000l\000R\000e\000t\000a\000i\000n\000F\000l\000a\000g\000:\000w\000i\000t\000h\000C\000l\000i\000e\000n\000t\000I\000d\000:\000s\000e\000c\000u\000r\000i\000t\000y\000P\000o\000l\000i\000c\000y\000:\000c\000e\000r\000t\000i\000f\000i\000c\000a\000t\000e\000s\000:\000\050\000\051}{subsection.5.12.2}% 142
\BOOKMARK [3][-]{subsubsection.5.12.2.3}{\376\377\0005\000.\0001\0002\000.\0002\000.\0003\000\040\000c\000o\000n\000n\000e\000c\000t\000T\000o\000:\000p\000o\000r\000t\000:\000t\000l\000s\000:\000k\000e\000e\000p\000a\000l\000i\000v\000e\000:\000c\000l\000e\000a\000n\000:\000a\000u\000t\000h\000:\000u\000s\000e\000r\000:\000p\000a\000s\000s\000:\000w\000i\000l\000l\000:\000w\000i\000l\000l\000T\000o\000p\000i\000c\000:\000w\000i\000l\000l\000M\000s\000g\000:\000w\000i\000l\000l\000Q\000o\000s\000:\000w\000i\000l\000l\000R\000e\000t\000a\000i\000n\000F\000l\000a\000g\000:\000w\000i\000t\000h\000C\000l\000i\000e\000n\000t\000I\000d\000:\000s\000e\000c\000u\000r\000i\000t\000y\000P\000o\000l\000i\000c\000y\000:\000c\000e\000r\000t\000i\000f\000i\000c\000a\000t\000e\000s\000:\000p\000r\000o\000t\000o\000c\000o\000l\000L\000e\000v\000e\000l\000:\000\050\000\051}{subsection.5.12.2}% 143
\BOOKMARK [3][-]{subsubsection.5.12.2.4}{\376\377\0005\000.\0001\0002\000.\0002\000.\0004\000\040\000c\000o\000n\000n\000e\000c\000t\000T\000o\000:\000p\000o\000r\000t\000:\000t\000l\000s\000:\000k\000e\000e\000p\000a\000l\000i\000v\000e\000:\000c\000l\000e\000a\000n\000:\000a\000u\000t\000h\000:\000u\000s\000e\000r\000:\000p\000a\000s\000s\000:\000w\000i\000l\000l\000T\000o\000p\000i\000c\000:\000w\000i\000l\000l\000:\000w\000i\000l\000l\000Q\000o\000s\000:\000w\000i\000l\000l\000R\000e\000t\000a\000i\000n\000F\000l\000a\000g\000:\000w\000i\000t\000h\000C\000l\000i\000e\000n\000t\000I\000d\000:\000\050\000\051}{subsection.5.12.2}% 144
\BOOKMARK [3][-]{subsubsection.5.12.2.5}{\376\377\0005\000.\0001\0002\000.\0002\000.\0005\000\040\000c\000o\000n\000n\000e\000c\000t\000T\000o\000L\000a\000s\000t\000\050\000\051}{subsection.5.12.2}% 145
\BOOKMARK [3][-]{subsubsection.5.12.2.6}{\376\377\0005\000.\0001\0002\000.\0002\000.\0006\000\040\000d\000i\000s\000c\000o\000n\000n\000e\000c\000t\000\050\000\051}{subsection.5.12.2}% 146
\BOOKMARK [3][-]{subsubsection.5.12.2.7}{\376\377\0005\000.\0001\0002\000.\0002\000.\0007\000\040\000i\000n\000i\000t\000W\000i\000t\000h\000P\000e\000r\000s\000i\000s\000t\000e\000n\000c\000e\000:\000m\000a\000x\000W\000i\000n\000d\000o\000w\000S\000i\000z\000e\000:\000m\000a\000x\000M\000e\000s\000s\000a\000g\000e\000s\000:\000m\000a\000x\000S\000i\000z\000e\000:\000\050\000\051}{subsection.5.12.2}% 147
\BOOKMARK [3][-]{subsubsection.5.12.2.8}{\376\377\0005\000.\0001\0002\000.\0002\000.\0008\000\040\000i\000n\000i\000t\000W\000i\000t\000h\000P\000e\000r\000s\000i\000s\000t\000e\000n\000c\000e\000:\000m\000a\000x\000W\000i\000n\000d\000o\000w\000S\000i\000z\000e\000:\000m\000a\000x\000M\000e\000s\000s\000a\000g\000e\000s\000:\000m\000a\000x\000S\000i\000z\000e\000:\000c\000o\000n\000n\000e\000c\000t\000I\000n\000F\000o\000r\000e\000g\000r\000o\000u\000n\000d\000:\000\050\000\051}{subsection.5.12.2}% 148
\BOOKMARK [3][-]{subsubsection.5.12.2.9}{\376\377\0005\000.\0001\0002\000.\0002\000.\0009\000\040\000i\000n\000i\000t\000W\000i\000t\000h\000P\000e\000r\000s\000i\000s\000t\000e\000n\000c\000e\000:\000m\000a\000x\000W\000i\000n\000d\000o\000w\000S\000i\000z\000e\000:\000m\000a\000x\000M\000e\000s\000s\000a\000g\000e\000s\000:\000m\000a\000x\000S\000i\000z\000e\000:\000m\000a\000x\000C\000o\000n\000n\000e\000c\000t\000i\000o\000n\000R\000e\000t\000r\000y\000I\000n\000t\000e\000r\000v\000a\000l\000:\000c\000o\000n\000n\000e\000c\000t\000I\000n\000F\000o\000r\000e\000g\000r\000o\000u\000n\000d\000:\000\050\000\051}{subsection.5.12.2}% 149
\BOOKMARK [3][-]{subsubsection.5.12.2.10}{\376\377\0005\000.\0001\0002\000.\0002\000.\0001\0000\000\040\000s\000e\000n\000d\000D\000a\000t\000a\000:\000t\000o\000p\000i\000c\000:\000q\000o\000s\000:\000r\000e\000t\000a\000i\000n\000:\000\050\000\051}{subsection.5.12.2}% 150
\BOOKMARK [2][-]{subsection.5.12.3}{\376\377\0005\000.\0001\0002\000.\0003\000\040\000P\000r\000o\000p\000e\000r\000t\000y\000\040\000D\000o\000c\000u\000m\000e\000n\000t\000a\000t\000i\000o\000n}{section.5.12}% 151
\BOOKMARK [3][-]{subsubsection.5.12.3.1}{\376\377\0005\000.\0001\0002\000.\0003\000.\0001\000\040\000d\000e\000l\000e\000g\000a\000t\000e}{subsection.5.12.3}% 152
\BOOKMARK [3][-]{subsubsection.5.12.3.2}{\376\377\0005\000.\0001\0002\000.\0003\000.\0002\000\040\000e\000f\000f\000e\000c\000t\000i\000v\000e\000S\000u\000b\000s\000c\000r\000i\000p\000t\000i\000o\000n\000s}{subsection.5.12.3}% 153
\BOOKMARK [3][-]{subsubsection.5.12.3.3}{\376\377\0005\000.\0001\0002\000.\0003\000.\0003\000\040\000h\000o\000s\000t}{subsection.5.12.3}% 154
\BOOKMARK [3][-]{subsubsection.5.12.3.4}{\376\377\0005\000.\0001\0002\000.\0003\000.\0004\000\040\000l\000a\000s\000t\000E\000r\000r\000o\000r\000C\000o\000d\000e}{subsection.5.12.3}% 155
\BOOKMARK [3][-]{subsubsection.5.12.3.5}{\376\377\0005\000.\0001\0002\000.\0003\000.\0005\000\040\000p\000o\000r\000t}{subsection.5.12.3}% 156
\BOOKMARK [3][-]{subsubsection.5.12.3.6}{\376\377\0005\000.\0001\0002\000.\0003\000.\0006\000\040\000s\000e\000s\000s\000i\000o\000n}{subsection.5.12.3}% 157
\BOOKMARK [3][-]{subsubsection.5.12.3.7}{\376\377\0005\000.\0001\0002\000.\0003\000.\0007\000\040\000s\000t\000a\000t\000e}{subsection.5.12.3}% 158
\BOOKMARK [3][-]{subsubsection.5.12.3.8}{\376\377\0005\000.\0001\0002\000.\0003\000.\0008\000\040\000s\000u\000b\000s\000c\000r\000i\000p\000t\000i\000o\000n\000s}{subsection.5.12.3}% 159
\BOOKMARK [1][-]{section.5.13}{\376\377\0005\000.\0001\0003\000\040\000<\000M\000Q\000T\000T\000S\000e\000s\000s\000i\000o\000n\000M\000a\000n\000a\000g\000e\000r\000D\000e\000l\000e\000g\000a\000t\000e\000\040\000>\000\040\000P\000r\000o\000t\000o\000c\000o\000l\000\040\000R\000e\000f\000e\000r\000e\000n\000c\000e}{chapter.5}% 160
\BOOKMARK [2][-]{subsection.5.13.1}{\376\377\0005\000.\0001\0003\000.\0001\000\040\000D\000e\000t\000a\000i\000l\000e\000d\000\040\000D\000e\000s\000c\000r\000i\000p\000t\000i\000o\000n}{section.5.13}% 161
\BOOKMARK [2][-]{subsection.5.13.2}{\376\377\0005\000.\0001\0003\000.\0002\000\040\000M\000e\000t\000h\000o\000d\000\040\000D\000o\000c\000u\000m\000e\000n\000t\000a\000t\000i\000o\000n}{section.5.13}% 162
\BOOKMARK [3][-]{subsubsection.5.13.2.1}{\376\377\0005\000.\0001\0003\000.\0002\000.\0001\000\040\000h\000a\000n\000d\000l\000e\000M\000e\000s\000s\000a\000g\000e\000:\000o\000n\000T\000o\000p\000i\000c\000:\000r\000e\000t\000a\000i\000n\000e\000d\000:\000\050\000\051}{subsection.5.13.2}% 163
\BOOKMARK [3][-]{subsubsection.5.13.2.2}{\376\377\0005\000.\0001\0003\000.\0002\000.\0002\000\040\000m\000e\000s\000s\000a\000g\000e\000D\000e\000l\000i\000v\000e\000r\000e\000d\000:\000\050\000\051}{subsection.5.13.2}% 164
\BOOKMARK [3][-]{subsubsection.5.13.2.3}{\376\377\0005\000.\0001\0003\000.\0002\000.\0003\000\040\000s\000e\000s\000s\000i\000o\000n\000M\000a\000n\000a\000g\000e\000r\000:\000d\000i\000d\000C\000h\000a\000n\000g\000e\000S\000t\000a\000t\000e\000:\000\050\000\051}{subsection.5.13.2}% 165
\BOOKMARK [3][-]{subsubsection.5.13.2.4}{\376\377\0005\000.\0001\0003\000.\0002\000.\0004\000\040\000s\000e\000s\000s\000i\000o\000n\000M\000a\000n\000a\000g\000e\000r\000:\000d\000i\000d\000D\000e\000l\000i\000v\000e\000r\000M\000e\000s\000s\000a\000g\000e\000:\000\050\000\051}{subsection.5.13.2}% 166
\BOOKMARK [3][-]{subsubsection.5.13.2.5}{\376\377\0005\000.\0001\0003\000.\0002\000.\0005\000\040\000s\000e\000s\000s\000i\000o\000n\000M\000a\000n\000a\000g\000e\000r\000:\000d\000i\000d\000R\000e\000c\000e\000i\000v\000e\000M\000e\000s\000s\000a\000g\000e\000:\000o\000n\000T\000o\000p\000i\000c\000:\000r\000e\000t\000a\000i\000n\000e\000d\000:\000\050\000\051}{subsection.5.13.2}% 167
\BOOKMARK [1][-]{section.5.14}{\376\377\0005\000.\0001\0004\000\040\000M\000Q\000T\000T\000S\000S\000L\000S\000e\000c\000u\000r\000i\000t\000y\000P\000o\000l\000i\000c\000y\000\040\000C\000l\000a\000s\000s\000\040\000R\000e\000f\000e\000r\000e\000n\000c\000e}{chapter.5}% 168
\BOOKMARK [2][-]{subsection.5.14.1}{\376\377\0005\000.\0001\0004\000.\0001\000\040\000D\000e\000t\000a\000i\000l\000e\000d\000\040\000D\000e\000s\000c\000r\000i\000p\000t\000i\000o\000n}{section.5.14}% 169
\BOOKMARK [2][-]{subsection.5.14.2}{\376\377\0005\000.\0001\0004\000.\0002\000\040\000M\000e\000t\000h\000o\000d\000\040\000D\000o\000c\000u\000m\000e\000n\000t\000a\000t\000i\000o\000n}{section.5.14}% 170
\BOOKMARK [3][-]{subsubsection.5.14.2.1}{\376\377\0005\000.\0001\0004\000.\0002\000.\0001\000\040\000d\000e\000f\000a\000u\000l\000t\000P\000o\000l\000i\000c\000y\000\050\000\051}{subsection.5.14.2}% 171
\BOOKMARK [3][-]{subsubsection.5.14.2.2}{\376\377\0005\000.\0001\0004\000.\0002\000.\0002\000\040\000e\000v\000a\000l\000u\000a\000t\000e\000S\000e\000r\000v\000e\000r\000T\000r\000u\000s\000t\000:\000f\000o\000r\000D\000o\000m\000a\000i\000n\000:\000\050\000\051}{subsection.5.14.2}% 172
\BOOKMARK [3][-]{subsubsection.5.14.2.3}{\376\377\0005\000.\0001\0004\000.\0002\000.\0003\000\040\000p\000o\000l\000i\000c\000y\000W\000i\000t\000h\000P\000i\000n\000n\000i\000n\000g\000M\000o\000d\000e\000:\000\050\000\051}{subsection.5.14.2}% 173
\BOOKMARK [2][-]{subsection.5.14.3}{\376\377\0005\000.\0001\0004\000.\0003\000\040\000P\000r\000o\000p\000e\000r\000t\000y\000\040\000D\000o\000c\000u\000m\000e\000n\000t\000a\000t\000i\000o\000n}{section.5.14}% 174
\BOOKMARK [3][-]{subsubsection.5.14.3.1}{\376\377\0005\000.\0001\0004\000.\0003\000.\0001\000\040\000a\000l\000l\000o\000w\000I\000n\000v\000a\000l\000i\000d\000C\000e\000r\000t\000i\000f\000i\000c\000a\000t\000e\000s}{subsection.5.14.3}% 175
\BOOKMARK [3][-]{subsubsection.5.14.3.2}{\376\377\0005\000.\0001\0004\000.\0003\000.\0002\000\040\000p\000i\000n\000n\000e\000d\000C\000e\000r\000t\000i\000f\000i\000c\000a\000t\000e\000s}{subsection.5.14.3}% 176
\BOOKMARK [3][-]{subsubsection.5.14.3.3}{\376\377\0005\000.\0001\0004\000.\0003\000.\0003\000\040\000S\000S\000L\000P\000i\000n\000n\000i\000n\000g\000M\000o\000d\000e}{subsection.5.14.3}% 177
\BOOKMARK [3][-]{subsubsection.5.14.3.4}{\376\377\0005\000.\0001\0004\000.\0003\000.\0004\000\040\000v\000a\000l\000i\000d\000a\000t\000e\000s\000C\000e\000r\000t\000i\000f\000i\000c\000a\000t\000e\000C\000h\000a\000i\000n}{subsection.5.14.3}% 178
\BOOKMARK [3][-]{subsubsection.5.14.3.5}{\376\377\0005\000.\0001\0004\000.\0003\000.\0005\000\040\000v\000a\000l\000i\000d\000a\000t\000e\000s\000D\000o\000m\000a\000i\000n\000N\000a\000m\000e}{subsection.5.14.3}% 179
\BOOKMARK [1][-]{section.5.15}{\376\377\0005\000.\0001\0005\000\040\000M\000Q\000T\000T\000S\000S\000L\000S\000e\000c\000u\000r\000i\000t\000y\000P\000o\000l\000i\000c\000y\000T\000r\000a\000n\000s\000p\000o\000r\000t\000\040\000C\000l\000a\000s\000s\000\040\000R\000e\000f\000e\000r\000e\000n\000c\000e}{chapter.5}% 180
\BOOKMARK [2][-]{subsection.5.15.1}{\376\377\0005\000.\0001\0005\000.\0001\000\040\000D\000e\000t\000a\000i\000l\000e\000d\000\040\000D\000e\000s\000c\000r\000i\000p\000t\000i\000o\000n}{section.5.15}% 181
\BOOKMARK [2][-]{subsection.5.15.2}{\376\377\0005\000.\0001\0005\000.\0002\000\040\000P\000r\000o\000p\000e\000r\000t\000y\000\040\000D\000o\000c\000u\000m\000e\000n\000t\000a\000t\000i\000o\000n}{section.5.15}% 182
\BOOKMARK [3][-]{subsubsection.5.15.2.1}{\376\377\0005\000.\0001\0005\000.\0002\000.\0001\000\040\000s\000e\000c\000u\000r\000i\000t\000y\000P\000o\000l\000i\000c\000y}{subsection.5.15.2}% 183
\BOOKMARK [1][-]{section.5.16}{\376\377\0005\000.\0001\0006\000\040\000M\000Q\000T\000T\000S\000t\000r\000i\000c\000t\000\040\000C\000l\000a\000s\000s\000\040\000R\000e\000f\000e\000r\000e\000n\000c\000e}{chapter.5}% 184
\BOOKMARK [2][-]{subsection.5.16.1}{\376\377\0005\000.\0001\0006\000.\0001\000\040\000D\000e\000t\000a\000i\000l\000e\000d\000\040\000D\000e\000s\000c\000r\000i\000p\000t\000i\000o\000n}{section.5.16}% 185
\BOOKMARK [2][-]{subsection.5.16.2}{\376\377\0005\000.\0001\0006\000.\0002\000\040\000M\000e\000t\000h\000o\000d\000\040\000D\000o\000c\000u\000m\000e\000n\000t\000a\000t\000i\000o\000n}{section.5.16}% 186
\BOOKMARK [3][-]{subsubsection.5.16.2.1}{\376\377\0005\000.\0001\0006\000.\0002\000.\0001\000\040\000s\000e\000t\000S\000t\000r\000i\000c\000t\000:\000\050\000\051}{subsection.5.16.2}% 187
\BOOKMARK [3][-]{subsubsection.5.16.2.2}{\376\377\0005\000.\0001\0006\000.\0002\000.\0002\000\040\000s\000t\000r\000i\000c\000t\000\050\000\051}{subsection.5.16.2}% 188
\BOOKMARK [1][-]{section.5.17}{\376\377\0005\000.\0001\0007\000\040\000M\000Q\000T\000T\000T\000r\000a\000n\000s\000p\000o\000r\000t\000\040\000C\000l\000a\000s\000s\000\040\000R\000e\000f\000e\000r\000e\000n\000c\000e}{chapter.5}% 189
\BOOKMARK [1][-]{section.5.18}{\376\377\0005\000.\0001\0008\000\040\000<\000M\000Q\000T\000T\000T\000r\000a\000n\000s\000p\000o\000r\000t\000\040\000>\000\040\000P\000r\000o\000t\000o\000c\000o\000l\000\040\000R\000e\000f\000e\000r\000e\000n\000c\000e}{chapter.5}% 190
\BOOKMARK [2][-]{subsection.5.18.1}{\376\377\0005\000.\0001\0008\000.\0001\000\040\000D\000e\000t\000a\000i\000l\000e\000d\000\040\000D\000e\000s\000c\000r\000i\000p\000t\000i\000o\000n}{section.5.18}% 191
\BOOKMARK [2][-]{subsection.5.18.2}{\376\377\0005\000.\0001\0008\000.\0002\000\040\000M\000e\000t\000h\000o\000d\000\040\000D\000o\000c\000u\000m\000e\000n\000t\000a\000t\000i\000o\000n}{section.5.18}% 192
\BOOKMARK [3][-]{subsubsection.5.18.2.1}{\376\377\0005\000.\0001\0008\000.\0002\000.\0001\000\040\000c\000l\000o\000s\000e\000\050\000\051}{subsection.5.18.2}% 193
\BOOKMARK [3][-]{subsubsection.5.18.2.2}{\376\377\0005\000.\0001\0008\000.\0002\000.\0002\000\040\000o\000p\000e\000n\000\050\000\051}{subsection.5.18.2}% 194
\BOOKMARK [3][-]{subsubsection.5.18.2.3}{\376\377\0005\000.\0001\0008\000.\0002\000.\0003\000\040\000s\000e\000n\000d\000:\000\050\000\051}{subsection.5.18.2}% 195
\BOOKMARK [2][-]{subsection.5.18.3}{\376\377\0005\000.\0001\0008\000.\0003\000\040\000P\000r\000o\000p\000e\000r\000t\000y\000\040\000D\000o\000c\000u\000m\000e\000n\000t\000a\000t\000i\000o\000n}{section.5.18}% 196
\BOOKMARK [3][-]{subsubsection.5.18.3.1}{\376\377\0005\000.\0001\0008\000.\0003\000.\0001\000\040\000d\000e\000l\000e\000g\000a\000t\000e}{subsection.5.18.3}% 197
\BOOKMARK [3][-]{subsubsection.5.18.3.2}{\376\377\0005\000.\0001\0008\000.\0003\000.\0002\000\040\000h\000o\000s\000t}{subsection.5.18.3}% 198
\BOOKMARK [3][-]{subsubsection.5.18.3.3}{\376\377\0005\000.\0001\0008\000.\0003\000.\0003\000\040\000p\000o\000r\000t}{subsection.5.18.3}% 199
\BOOKMARK [3][-]{subsubsection.5.18.3.4}{\376\377\0005\000.\0001\0008\000.\0003\000.\0004\000\040\000r\000u\000n\000L\000o\000o\000p}{subsection.5.18.3}% 200
\BOOKMARK [3][-]{subsubsection.5.18.3.5}{\376\377\0005\000.\0001\0008\000.\0003\000.\0005\000\040\000r\000u\000n\000L\000o\000o\000p\000M\000o\000d\000e}{subsection.5.18.3}% 201
\BOOKMARK [3][-]{subsubsection.5.18.3.6}{\376\377\0005\000.\0001\0008\000.\0003\000.\0006\000\040\000s\000t\000a\000t\000e}{subsection.5.18.3}% 202
\BOOKMARK [1][-]{section.5.19}{\376\377\0005\000.\0001\0009\000\040\000<\000M\000Q\000T\000T\000T\000r\000a\000n\000s\000p\000o\000r\000t\000D\000e\000l\000e\000g\000a\000t\000e\000\040\000>\000\040\000P\000r\000o\000t\000o\000c\000o\000l\000\040\000R\000e\000f\000e\000r\000e\000n\000c\000e}{chapter.5}% 203
\BOOKMARK [2][-]{subsection.5.19.1}{\376\377\0005\000.\0001\0009\000.\0001\000\040\000D\000e\000t\000a\000i\000l\000e\000d\000\040\000D\000e\000s\000c\000r\000i\000p\000t\000i\000o\000n}{section.5.19}% 204
\BOOKMARK [2][-]{subsection.5.19.2}{\376\377\0005\000.\0001\0009\000.\0002\000\040\000M\000e\000t\000h\000o\000d\000\040\000D\000o\000c\000u\000m\000e\000n\000t\000a\000t\000i\000o\000n}{section.5.19}% 205
\BOOKMARK [3][-]{subsubsection.5.19.2.1}{\376\377\0005\000.\0001\0009\000.\0002\000.\0001\000\040\000m\000q\000t\000t\000T\000r\000a\000n\000s\000p\000o\000r\000t\000:\000d\000i\000d\000F\000a\000i\000l\000W\000i\000t\000h\000E\000r\000r\000o\000r\000:\000\050\000\051}{subsection.5.19.2}% 206
\BOOKMARK [3][-]{subsubsection.5.19.2.2}{\376\377\0005\000.\0001\0009\000.\0002\000.\0002\000\040\000m\000q\000t\000t\000T\000r\000a\000n\000s\000p\000o\000r\000t\000:\000d\000i\000d\000R\000e\000c\000e\000i\000v\000e\000M\000e\000s\000s\000a\000g\000e\000:\000\050\000\051}{subsection.5.19.2}% 207
\BOOKMARK [3][-]{subsubsection.5.19.2.3}{\376\377\0005\000.\0001\0009\000.\0002\000.\0003\000\040\000m\000q\000t\000t\000T\000r\000a\000n\000s\000p\000o\000r\000t\000D\000i\000d\000C\000l\000o\000s\000e\000:\000\050\000\051}{subsection.5.19.2}% 208
\BOOKMARK [3][-]{subsubsection.5.19.2.4}{\376\377\0005\000.\0001\0009\000.\0002\000.\0004\000\040\000m\000q\000t\000t\000T\000r\000a\000n\000s\000p\000o\000r\000t\000D\000i\000d\000O\000p\000e\000n\000:\000\050\000\051}{subsection.5.19.2}% 209
\BOOKMARK [1][-]{section.5.20}{\376\377\0005\000.\0002\0000\000\040\000M\000Q\000T\000T\000W\000e\000b\000s\000o\000c\000k\000e\000t\000T\000r\000a\000n\000s\000p\000o\000r\000t\000\040\000C\000l\000a\000s\000s\000\040\000R\000e\000f\000e\000r\000e\000n\000c\000e}{chapter.5}% 210
\BOOKMARK [2][-]{subsection.5.20.1}{\376\377\0005\000.\0002\0000\000.\0001\000\040\000D\000e\000t\000a\000i\000l\000e\000d\000\040\000D\000e\000s\000c\000r\000i\000p\000t\000i\000o\000n}{section.5.20}% 211
\BOOKMARK [2][-]{subsection.5.20.2}{\376\377\0005\000.\0002\0000\000.\0002\000\040\000P\000r\000o\000p\000e\000r\000t\000y\000\040\000D\000o\000c\000u\000m\000e\000n\000t\000a\000t\000i\000o\000n}{section.5.20}% 212
\BOOKMARK [3][-]{subsubsection.5.20.2.1}{\376\377\0005\000.\0002\0000\000.\0002\000.\0001\000\040\000a\000l\000l\000o\000w\000U\000n\000t\000r\000u\000s\000t\000e\000d\000C\000e\000r\000t\000i\000f\000i\000c\000a\000t\000e\000s}{subsection.5.20.2}% 213
\BOOKMARK [3][-]{subsubsection.5.20.2.2}{\376\377\0005\000.\0002\0000\000.\0002\000.\0002\000\040\000h\000o\000s\000t}{subsection.5.20.2}% 214
\BOOKMARK [3][-]{subsubsection.5.20.2.3}{\376\377\0005\000.\0002\0000\000.\0002\000.\0003\000\040\000p\000a\000t\000h}{subsection.5.20.2}% 215
\BOOKMARK [3][-]{subsubsection.5.20.2.4}{\376\377\0005\000.\0002\0000\000.\0002\000.\0004\000\040\000p\000i\000n\000n\000e\000d\000C\000e\000r\000t\000i\000f\000i\000c\000a\000t\000e\000s}{subsection.5.20.2}% 216
\BOOKMARK [3][-]{subsubsection.5.20.2.5}{\376\377\0005\000.\0002\0000\000.\0002\000.\0005\000\040\000p\000o\000r\000t}{subsection.5.20.2}% 217
\BOOKMARK [3][-]{subsubsection.5.20.2.6}{\376\377\0005\000.\0002\0000\000.\0002\000.\0006\000\040\000t\000l\000s}{subsection.5.20.2}% 218
\BOOKMARK [0][-]{section*.106}{\376\377\000I\000n\000d\000e\000x}{}% 219
