This is pdfTeX, Version 3.14159265-2.6-1.40.18 (TeX Live 2017) (preloaded format=pdflatex 2017.7.26)  26 JUL 2017 14:33
entering extended mode
 restricted \write18 enabled.
 %&-line parsing enabled.
**refman
(./refman.tex
LaTeX2e <2017-04-15>
Babel <3.10> and hyphenation patterns for 84 language(s) loaded.
(/usr/local/texlive/2017/texmf-dist/tex/latex/base/book.cls
Document Class: book 2014/09/29 v1.4h Standard LaTeX document class
(/usr/local/texlive/2017/texmf-dist/tex/latex/base/bk10.clo
File: bk10.clo 2014/09/29 v1.4h Standard LaTeX file (size option)
)
\c@part=\count79
\c@chapter=\count80
\c@section=\count81
\c@subsection=\count82
\c@subsubsection=\count83
\c@paragraph=\count84
\c@subparagraph=\count85
\c@figure=\count86
\c@table=\count87
\abovecaptionskip=\skip41
\belowcaptionskip=\skip42
\bibindent=\dimen102
)
(/usr/local/texlive/2017/texmf-dist/tex/latex/base/fixltx2e.sty
Package: fixltx2e 2016/12/29 v2.1a fixes to LaTeX (obsolete)
Applying: [2015/01/01] Old fixltx2e package on input line 46.


Package fixltx2e Warning: fixltx2e is not required with releases after 2015
(fixltx2e)                All fixes are now in the LaTeX kernel.
(fixltx2e)                See the latexrelease package for details.

Already applied: [0000/00/00] Old fixltx2e package on input line 53.
) (/usr/local/texlive/2017/texmf-dist/tex/latex/tools/calc.sty
Package: calc 2014/10/28 v4.3 Infix arithmetic (KKT,FJ)
\calc@Acount=\count88
\calc@Bcount=\count89
\calc@Adimen=\dimen103
\calc@Bdimen=\dimen104
\calc@Askip=\skip43
\calc@Bskip=\skip44
LaTeX Info: Redefining \setlength on input line 80.
LaTeX Info: Redefining \addtolength on input line 81.
\calc@Ccount=\count90
\calc@Cskip=\skip45
) (./doxygen.sty
Package: doxygen 

(/usr/local/texlive/2017/texmf-dist/tex/latex/base/alltt.sty
Package: alltt 1997/06/16 v2.0g defines alltt environment
)
(/usr/local/texlive/2017/texmf-dist/tex/latex/tools/array.sty
Package: array 2016/10/06 v2.4d Tabular extension package (FMi)
\col@sep=\dimen105
\extrarowheight=\dimen106
\NC@list=\toks14
\extratabsurround=\skip46
\backup@length=\skip47
)
(/usr/local/texlive/2017/texmf-dist/tex/latex/float/float.sty
Package: float 2001/11/08 v1.3d Float enhancements (AL)
\c@float@type=\count91
\float@exts=\toks15
\float@box=\box26
\@float@everytoks=\toks16
\@floatcapt=\box27
)
(/usr/local/texlive/2017/texmf-dist/tex/latex/base/ifthen.sty
Package: ifthen 2014/09/29 v1.1c Standard LaTeX ifthen package (DPC)
)
(/usr/local/texlive/2017/texmf-dist/tex/latex/tools/verbatim.sty
Package: verbatim 2014/10/28 v1.5q LaTeX2e package for verbatim enhancements
\every@verbatim=\toks17
\verbatim@line=\toks18
\verbatim@in@stream=\read1
)
(/usr/local/texlive/2017/texmf-dist/tex/latex/xcolor/xcolor.sty
Package: xcolor 2016/05/11 v2.12 LaTeX color extensions (UK)

(/usr/local/texlive/2017/texmf-dist/tex/latex/graphics-cfg/color.cfg
File: color.cfg 2016/01/02 v1.6 sample color configuration
)
Package xcolor Info: Driver file: pdftex.def on input line 225.

(/usr/local/texlive/2017/texmf-dist/tex/latex/graphics-def/pdftex.def
File: pdftex.def 2017/01/12 v0.06k Graphics/color for pdfTeX

(/usr/local/texlive/2017/texmf-dist/tex/generic/oberdiek/infwarerr.sty
Package: infwarerr 2016/05/16 v1.4 Providing info/warning/error messages (HO)
)
(/usr/local/texlive/2017/texmf-dist/tex/generic/oberdiek/ltxcmds.sty
Package: ltxcmds 2016/05/16 v1.23 LaTeX kernel commands for general use (HO)
)
\Gread@gobject=\count92
)
(/usr/local/texlive/2017/texmf-dist/tex/latex/colortbl/colortbl.sty
Package: colortbl 2012/02/13 v1.0a Color table columns (DPC)
\everycr=\toks19
\minrowclearance=\skip48
)
\rownum=\count93
Package xcolor Info: Model `cmy' substituted by `cmy0' on input line 1348.
Package xcolor Info: Model `hsb' substituted by `rgb' on input line 1352.
Package xcolor Info: Model `RGB' extended on input line 1364.
Package xcolor Info: Model `HTML' substituted by `rgb' on input line 1366.
Package xcolor Info: Model `Hsb' substituted by `hsb' on input line 1367.
Package xcolor Info: Model `tHsb' substituted by `hsb' on input line 1368.
Package xcolor Info: Model `HSB' substituted by `hsb' on input line 1369.
Package xcolor Info: Model `Gray' substituted by `gray' on input line 1370.
Package xcolor Info: Model `wave' substituted by `hsb' on input line 1371.
)
(/usr/local/texlive/2017/texmf-dist/tex/latex/tools/longtable.sty
Package: longtable 2014/10/28 v4.11 Multi-page Table package (DPC)
\LTleft=\skip49
\LTright=\skip50
\LTpre=\skip51
\LTpost=\skip52
\LTchunksize=\count94
\LTcapwidth=\dimen107
\LT@head=\box28
\LT@firsthead=\box29
\LT@foot=\box30
\LT@lastfoot=\box31
\LT@cols=\count95
\LT@rows=\count96
\c@LT@tables=\count97
\c@LT@chunks=\count98
\LT@p@ftn=\toks20
)
(/usr/local/texlive/2017/texmf-dist/tex/latex/tabu/tabu.sty
Package: tabu 2011/02/26 v2.8 - flexible LaTeX tabulars (FC)

(/usr/local/texlive/2017/texmf-dist/tex/latex/varwidth/varwidth.sty
Package: varwidth 2009/03/30 ver 0.92;  Variable-width minipages
\@vwid@box=\box32
\sift@deathcycles=\count99
\@vwid@loff=\dimen108
\@vwid@roff=\dimen109
)
\c@taburow=\count100
\tabu@nbcols=\count101
\tabu@cnt=\count102
\tabu@Xcol=\count103
\tabu@alloc=\count104
\tabu@nested=\count105
\tabu@target=\dimen110
\tabu@spreadtarget=\dimen111
\tabu@naturalX=\dimen112
\tabucolX=\dimen113
\tabu@Xsum=\dimen114
\extrarowdepth=\dimen115
\abovetabulinesep=\dimen116
\belowtabulinesep=\dimen117
\tabustrutrule=\dimen118
\tabu@thebody=\toks21
\tabu@footnotes=\toks22
\tabu@box=\box33
\tabu@arstrutbox=\box34
\tabu@hleads=\box35
\tabu@vleads=\box36
\tabu@cellskip=\skip53
)
(/usr/local/texlive/2017/texmf-dist/tex/latex/tools/tabularx.sty
Package: tabularx 2016/02/03 v2.11 `tabularx' package (DPC)
\TX@col@width=\dimen119
\TX@old@table=\dimen120
\TX@old@col=\dimen121
\TX@target=\dimen122
\TX@delta=\dimen123
\TX@cols=\count106
\TX@ftn=\toks23
)
(/usr/local/texlive/2017/texmf-dist/tex/latex/multirow/multirow.sty
Package: multirow 2016/11/25 v2.2 Span multiple rows of a table
\multirow@colwidth=\skip54
\multirow@cntb=\count107
\multirow@dima=\skip55
\bigstrutjot=\dimen124
)
\xrefbox=\box37
\xreflength=\skip56
)
(/usr/local/texlive/2017/texmf-dist/tex/latex/adjustbox/adjustbox.sty
Package: adjustbox 2012/05/21 v1.0 Adjusting TeX boxes (trim, clip, ...)

(/usr/local/texlive/2017/texmf-dist/tex/latex/xkeyval/xkeyval.sty
Package: xkeyval 2014/12/03 v2.7a package option processing (HA)

(/usr/local/texlive/2017/texmf-dist/tex/generic/xkeyval/xkeyval.tex
(/usr/local/texlive/2017/texmf-dist/tex/generic/xkeyval/xkvutils.tex
\XKV@toks=\toks24
\XKV@tempa@toks=\toks25

(/usr/local/texlive/2017/texmf-dist/tex/generic/xkeyval/keyval.tex))
\XKV@depth=\count108
File: xkeyval.tex 2014/12/03 v2.7a key=value parser (HA)
))
(/usr/local/texlive/2017/texmf-dist/tex/latex/adjustbox/adjcalc.sty
Package: adjcalc 2012/05/16 v1.1 Provides advanced setlength with multiple back
-ends (calc, etex, pgfmath)
)
(/usr/local/texlive/2017/texmf-dist/tex/latex/adjustbox/trimclip.sty
Package: trimclip 2012/05/16 v1.0 Trim and clip general TeX material

(/usr/local/texlive/2017/texmf-dist/tex/latex/graphics/graphicx.sty
Package: graphicx 2014/10/28 v1.0g Enhanced LaTeX Graphics (DPC,SPQR)

(/usr/local/texlive/2017/texmf-dist/tex/latex/graphics/graphics.sty
Package: graphics 2017/04/14 v1.1b Standard LaTeX Graphics (DPC,SPQR)

(/usr/local/texlive/2017/texmf-dist/tex/latex/graphics/trig.sty
Package: trig 2016/01/03 v1.10 sin cos tan (DPC)
)
(/usr/local/texlive/2017/texmf-dist/tex/latex/graphics-cfg/graphics.cfg
File: graphics.cfg 2016/06/04 v1.11 sample graphics configuration
)
Package graphics Info: Driver file: pdftex.def on input line 99.
)
\Gin@req@height=\dimen125
\Gin@req@width=\dimen126
)
(/usr/local/texlive/2017/texmf-dist/tex/latex/collectbox/collectbox.sty
Package: collectbox 2012/05/17 v0.4b Collect macro arguments as boxes
\collectedbox=\box38
)
\tc@llx=\dimen127
\tc@lly=\dimen128
\tc@urx=\dimen129
\tc@ury=\dimen130
Package trimclip Info: Using driver 'tc-pdftex.def'.

(/usr/local/texlive/2017/texmf-dist/tex/latex/adjustbox/tc-pdftex.def
File: tc-pdftex.def 2012/05/13 v1.0 Clipping driver for pdftex
))
\adjbox@Width=\dimen131
\adjbox@Height=\dimen132
\adjbox@Depth=\dimen133
\adjbox@Totalheight=\dimen134

(/usr/local/texlive/2017/texmf-dist/tex/latex/ifoddpage/ifoddpage.sty
Package: ifoddpage 2016/04/23 v1.1 Conditionals for odd/even page detection
\c@checkoddpage=\count109
))
(/usr/local/texlive/2017/texmf-dist/tex/latex/base/inputenc.sty
Package: inputenc 2015/03/17 v1.2c Input encoding file
\inpenc@prehook=\toks26
\inpenc@posthook=\toks27

(/usr/local/texlive/2017/texmf-dist/tex/latex/base/utf8.def
File: utf8.def 2017/01/28 v1.1t UTF-8 support for inputenc
Now handling font encoding OML ...
... no UTF-8 mapping file for font encoding OML
Now handling font encoding T1 ...
... processing UTF-8 mapping file for font encoding T1

(/usr/local/texlive/2017/texmf-dist/tex/latex/base/t1enc.dfu
File: t1enc.dfu 2017/01/28 v1.1t UTF-8 support for inputenc
   defining Unicode char U+00A0 (decimal 160)
   defining Unicode char U+00A1 (decimal 161)
   defining Unicode char U+00A3 (decimal 163)
   defining Unicode char U+00AB (decimal 171)
   defining Unicode char U+00AD (decimal 173)
   defining Unicode char U+00BB (decimal 187)
   defining Unicode char U+00BF (decimal 191)
   defining Unicode char U+00C0 (decimal 192)
   defining Unicode char U+00C1 (decimal 193)
   defining Unicode char U+00C2 (decimal 194)
   defining Unicode char U+00C3 (decimal 195)
   defining Unicode char U+00C4 (decimal 196)
   defining Unicode char U+00C5 (decimal 197)
   defining Unicode char U+00C6 (decimal 198)
   defining Unicode char U+00C7 (decimal 199)
   defining Unicode char U+00C8 (decimal 200)
   defining Unicode char U+00C9 (decimal 201)
   defining Unicode char U+00CA (decimal 202)
   defining Unicode char U+00CB (decimal 203)
   defining Unicode char U+00CC (decimal 204)
   defining Unicode char U+00CD (decimal 205)
   defining Unicode char U+00CE (decimal 206)
   defining Unicode char U+00CF (decimal 207)
   defining Unicode char U+00D0 (decimal 208)
   defining Unicode char U+00D1 (decimal 209)
   defining Unicode char U+00D2 (decimal 210)
   defining Unicode char U+00D3 (decimal 211)
   defining Unicode char U+00D4 (decimal 212)
   defining Unicode char U+00D5 (decimal 213)
   defining Unicode char U+00D6 (decimal 214)
   defining Unicode char U+00D8 (decimal 216)
   defining Unicode char U+00D9 (decimal 217)
   defining Unicode char U+00DA (decimal 218)
   defining Unicode char U+00DB (decimal 219)
   defining Unicode char U+00DC (decimal 220)
   defining Unicode char U+00DD (decimal 221)
   defining Unicode char U+00DE (decimal 222)
   defining Unicode char U+00DF (decimal 223)
   defining Unicode char U+00E0 (decimal 224)
   defining Unicode char U+00E1 (decimal 225)
   defining Unicode char U+00E2 (decimal 226)
   defining Unicode char U+00E3 (decimal 227)
   defining Unicode char U+00E4 (decimal 228)
   defining Unicode char U+00E5 (decimal 229)
   defining Unicode char U+00E6 (decimal 230)
   defining Unicode char U+00E7 (decimal 231)
   defining Unicode char U+00E8 (decimal 232)
   defining Unicode char U+00E9 (decimal 233)
   defining Unicode char U+00EA (decimal 234)
   defining Unicode char U+00EB (decimal 235)
   defining Unicode char U+00EC (decimal 236)
   defining Unicode char U+00ED (decimal 237)
   defining Unicode char U+00EE (decimal 238)
   defining Unicode char U+00EF (decimal 239)
   defining Unicode char U+00F0 (decimal 240)
   defining Unicode char U+00F1 (decimal 241)
   defining Unicode char U+00F2 (decimal 242)
   defining Unicode char U+00F3 (decimal 243)
   defining Unicode char U+00F4 (decimal 244)
   defining Unicode char U+00F5 (decimal 245)
   defining Unicode char U+00F6 (decimal 246)
   defining Unicode char U+00F8 (decimal 248)
   defining Unicode char U+00F9 (decimal 249)
   defining Unicode char U+00FA (decimal 250)
   defining Unicode char U+00FB (decimal 251)
   defining Unicode char U+00FC (decimal 252)
   defining Unicode char U+00FD (decimal 253)
   defining Unicode char U+00FE (decimal 254)
   defining Unicode char U+00FF (decimal 255)
   defining Unicode char U+0100 (decimal 256)
   defining Unicode char U+0101 (decimal 257)
   defining Unicode char U+0102 (decimal 258)
   defining Unicode char U+0103 (decimal 259)
   defining Unicode char U+0104 (decimal 260)
   defining Unicode char U+0105 (decimal 261)
   defining Unicode char U+0106 (decimal 262)
   defining Unicode char U+0107 (decimal 263)
   defining Unicode char U+0108 (decimal 264)
   defining Unicode char U+0109 (decimal 265)
   defining Unicode char U+010A (decimal 266)
   defining Unicode char U+010B (decimal 267)
   defining Unicode char U+010C (decimal 268)
   defining Unicode char U+010D (decimal 269)
   defining Unicode char U+010E (decimal 270)
   defining Unicode char U+010F (decimal 271)
   defining Unicode char U+0110 (decimal 272)
   defining Unicode char U+0111 (decimal 273)
   defining Unicode char U+0112 (decimal 274)
   defining Unicode char U+0113 (decimal 275)
   defining Unicode char U+0114 (decimal 276)
   defining Unicode char U+0115 (decimal 277)
   defining Unicode char U+0116 (decimal 278)
   defining Unicode char U+0117 (decimal 279)
   defining Unicode char U+0118 (decimal 280)
   defining Unicode char U+0119 (decimal 281)
   defining Unicode char U+011A (decimal 282)
   defining Unicode char U+011B (decimal 283)
   defining Unicode char U+011C (decimal 284)
   defining Unicode char U+011D (decimal 285)
   defining Unicode char U+011E (decimal 286)
   defining Unicode char U+011F (decimal 287)
   defining Unicode char U+0120 (decimal 288)
   defining Unicode char U+0121 (decimal 289)
   defining Unicode char U+0122 (decimal 290)
   defining Unicode char U+0123 (decimal 291)
   defining Unicode char U+0124 (decimal 292)
   defining Unicode char U+0125 (decimal 293)
   defining Unicode char U+0128 (decimal 296)
   defining Unicode char U+0129 (decimal 297)
   defining Unicode char U+012A (decimal 298)
   defining Unicode char U+012B (decimal 299)
   defining Unicode char U+012C (decimal 300)
   defining Unicode char U+012D (decimal 301)
   defining Unicode char U+012E (decimal 302)
   defining Unicode char U+012F (decimal 303)
   defining Unicode char U+0130 (decimal 304)
   defining Unicode char U+0131 (decimal 305)
   defining Unicode char U+0132 (decimal 306)
   defining Unicode char U+0133 (decimal 307)
   defining Unicode char U+0134 (decimal 308)
   defining Unicode char U+0135 (decimal 309)
   defining Unicode char U+0136 (decimal 310)
   defining Unicode char U+0137 (decimal 311)
   defining Unicode char U+0139 (decimal 313)
   defining Unicode char U+013A (decimal 314)
   defining Unicode char U+013B (decimal 315)
   defining Unicode char U+013C (decimal 316)
   defining Unicode char U+013D (decimal 317)
   defining Unicode char U+013E (decimal 318)
   defining Unicode char U+0141 (decimal 321)
   defining Unicode char U+0142 (decimal 322)
   defining Unicode char U+0143 (decimal 323)
   defining Unicode char U+0144 (decimal 324)
   defining Unicode char U+0145 (decimal 325)
   defining Unicode char U+0146 (decimal 326)
   defining Unicode char U+0147 (decimal 327)
   defining Unicode char U+0148 (decimal 328)
   defining Unicode char U+014A (decimal 330)
   defining Unicode char U+014B (decimal 331)
   defining Unicode char U+014C (decimal 332)
   defining Unicode char U+014D (decimal 333)
   defining Unicode char U+014E (decimal 334)
   defining Unicode char U+014F (decimal 335)
   defining Unicode char U+0150 (decimal 336)
   defining Unicode char U+0151 (decimal 337)
   defining Unicode char U+0152 (decimal 338)
   defining Unicode char U+0153 (decimal 339)
   defining Unicode char U+0154 (decimal 340)
   defining Unicode char U+0155 (decimal 341)
   defining Unicode char U+0156 (decimal 342)
   defining Unicode char U+0157 (decimal 343)
   defining Unicode char U+0158 (decimal 344)
   defining Unicode char U+0159 (decimal 345)
   defining Unicode char U+015A (decimal 346)
   defining Unicode char U+015B (decimal 347)
   defining Unicode char U+015C (decimal 348)
   defining Unicode char U+015D (decimal 349)
   defining Unicode char U+015E (decimal 350)
   defining Unicode char U+015F (decimal 351)
   defining Unicode char U+0160 (decimal 352)
   defining Unicode char U+0161 (decimal 353)
   defining Unicode char U+0162 (decimal 354)
   defining Unicode char U+0163 (decimal 355)
   defining Unicode char U+0164 (decimal 356)
   defining Unicode char U+0165 (decimal 357)
   defining Unicode char U+0168 (decimal 360)
   defining Unicode char U+0169 (decimal 361)
   defining Unicode char U+016A (decimal 362)
   defining Unicode char U+016B (decimal 363)
   defining Unicode char U+016C (decimal 364)
   defining Unicode char U+016D (decimal 365)
   defining Unicode char U+016E (decimal 366)
   defining Unicode char U+016F (decimal 367)
   defining Unicode char U+0170 (decimal 368)
   defining Unicode char U+0171 (decimal 369)
   defining Unicode char U+0172 (decimal 370)
   defining Unicode char U+0173 (decimal 371)
   defining Unicode char U+0174 (decimal 372)
   defining Unicode char U+0175 (decimal 373)
   defining Unicode char U+0176 (decimal 374)
   defining Unicode char U+0177 (decimal 375)
   defining Unicode char U+0178 (decimal 376)
   defining Unicode char U+0179 (decimal 377)
   defining Unicode char U+017A (decimal 378)
   defining Unicode char U+017B (decimal 379)
   defining Unicode char U+017C (decimal 380)
   defining Unicode char U+017D (decimal 381)
   defining Unicode char U+017E (decimal 382)
   defining Unicode char U+01CD (decimal 461)
   defining Unicode char U+01CE (decimal 462)
   defining Unicode char U+01CF (decimal 463)
   defining Unicode char U+01D0 (decimal 464)
   defining Unicode char U+01D1 (decimal 465)
   defining Unicode char U+01D2 (decimal 466)
   defining Unicode char U+01D3 (decimal 467)
   defining Unicode char U+01D4 (decimal 468)
   defining Unicode char U+01E2 (decimal 482)
   defining Unicode char U+01E3 (decimal 483)
   defining Unicode char U+01E6 (decimal 486)
   defining Unicode char U+01E7 (decimal 487)
   defining Unicode char U+01E8 (decimal 488)
   defining Unicode char U+01E9 (decimal 489)
   defining Unicode char U+01EA (decimal 490)
   defining Unicode char U+01EB (decimal 491)
   defining Unicode char U+01F0 (decimal 496)
   defining Unicode char U+01F4 (decimal 500)
   defining Unicode char U+01F5 (decimal 501)
   defining Unicode char U+0218 (decimal 536)
   defining Unicode char U+0219 (decimal 537)
   defining Unicode char U+021A (decimal 538)
   defining Unicode char U+021B (decimal 539)
   defining Unicode char U+0232 (decimal 562)
   defining Unicode char U+0233 (decimal 563)
   defining Unicode char U+1E02 (decimal 7682)
   defining Unicode char U+1E03 (decimal 7683)
   defining Unicode char U+200C (decimal 8204)
   defining Unicode char U+2010 (decimal 8208)
   defining Unicode char U+2011 (decimal 8209)
   defining Unicode char U+2012 (decimal 8210)
   defining Unicode char U+2013 (decimal 8211)
   defining Unicode char U+2014 (decimal 8212)
   defining Unicode char U+2015 (decimal 8213)
   defining Unicode char U+2018 (decimal 8216)
   defining Unicode char U+2019 (decimal 8217)
   defining Unicode char U+201A (decimal 8218)
   defining Unicode char U+201C (decimal 8220)
   defining Unicode char U+201D (decimal 8221)
   defining Unicode char U+201E (decimal 8222)
   defining Unicode char U+2030 (decimal 8240)
   defining Unicode char U+2031 (decimal 8241)
   defining Unicode char U+2039 (decimal 8249)
   defining Unicode char U+203A (decimal 8250)
   defining Unicode char U+2423 (decimal 9251)
   defining Unicode char U+1E20 (decimal 7712)
   defining Unicode char U+1E21 (decimal 7713)
)
Now handling font encoding OT1 ...
... processing UTF-8 mapping file for font encoding OT1

(/usr/local/texlive/2017/texmf-dist/tex/latex/base/ot1enc.dfu
File: ot1enc.dfu 2017/01/28 v1.1t UTF-8 support for inputenc
   defining Unicode char U+00A0 (decimal 160)
   defining Unicode char U+00A1 (decimal 161)
   defining Unicode char U+00A3 (decimal 163)
   defining Unicode char U+00AD (decimal 173)
   defining Unicode char U+00B8 (decimal 184)
   defining Unicode char U+00BF (decimal 191)
   defining Unicode char U+00C5 (decimal 197)
   defining Unicode char U+00C6 (decimal 198)
   defining Unicode char U+00D8 (decimal 216)
   defining Unicode char U+00DF (decimal 223)
   defining Unicode char U+00E6 (decimal 230)
   defining Unicode char U+00EC (decimal 236)
   defining Unicode char U+00ED (decimal 237)
   defining Unicode char U+00EE (decimal 238)
   defining Unicode char U+00EF (decimal 239)
   defining Unicode char U+00F8 (decimal 248)
   defining Unicode char U+0131 (decimal 305)
   defining Unicode char U+0141 (decimal 321)
   defining Unicode char U+0142 (decimal 322)
   defining Unicode char U+0152 (decimal 338)
   defining Unicode char U+0153 (decimal 339)
   defining Unicode char U+0174 (decimal 372)
   defining Unicode char U+0175 (decimal 373)
   defining Unicode char U+0176 (decimal 374)
   defining Unicode char U+0177 (decimal 375)
   defining Unicode char U+0218 (decimal 536)
   defining Unicode char U+0219 (decimal 537)
   defining Unicode char U+021A (decimal 538)
   defining Unicode char U+021B (decimal 539)
   defining Unicode char U+2013 (decimal 8211)
   defining Unicode char U+2014 (decimal 8212)
   defining Unicode char U+2018 (decimal 8216)
   defining Unicode char U+2019 (decimal 8217)
   defining Unicode char U+201C (decimal 8220)
   defining Unicode char U+201D (decimal 8221)
)
Now handling font encoding OMS ...
... processing UTF-8 mapping file for font encoding OMS

(/usr/local/texlive/2017/texmf-dist/tex/latex/base/omsenc.dfu
File: omsenc.dfu 2017/01/28 v1.1t UTF-8 support for inputenc
   defining Unicode char U+00A7 (decimal 167)
   defining Unicode char U+00B6 (decimal 182)
   defining Unicode char U+00B7 (decimal 183)
   defining Unicode char U+2020 (decimal 8224)
   defining Unicode char U+2021 (decimal 8225)
   defining Unicode char U+2022 (decimal 8226)
)
Now handling font encoding OMX ...
... no UTF-8 mapping file for font encoding OMX
Now handling font encoding U ...
... no UTF-8 mapping file for font encoding U
   defining Unicode char U+00A9 (decimal 169)
   defining Unicode char U+00AA (decimal 170)
   defining Unicode char U+00AE (decimal 174)
   defining Unicode char U+00BA (decimal 186)
   defining Unicode char U+02C6 (decimal 710)
   defining Unicode char U+02DC (decimal 732)
   defining Unicode char U+200C (decimal 8204)
   defining Unicode char U+2026 (decimal 8230)
   defining Unicode char U+2122 (decimal 8482)
   defining Unicode char U+2423 (decimal 9251)
))
(/usr/local/texlive/2017/texmf-dist/tex/latex/base/makeidx.sty
Package: makeidx 2014/09/29 v1.0m Standard LaTeX package
)
(/usr/local/texlive/2017/texmf-dist/tex/latex/tools/multicol.sty
Package: multicol 2017/04/11 v1.8q multicolumn formatting (FMi)
\c@tracingmulticols=\count110
\mult@box=\box39
\multicol@leftmargin=\dimen135
\c@unbalance=\count111
\c@collectmore=\count112
\doublecol@number=\count113
\multicoltolerance=\count114
\multicolpretolerance=\count115
\full@width=\dimen136
\page@free=\dimen137
\premulticols=\dimen138
\postmulticols=\dimen139
\multicolsep=\skip57
\multicolbaselineskip=\skip58
\partial@page=\box40
\last@line=\box41
\maxbalancingoverflow=\dimen140
\mult@rightbox=\box42
\mult@grightbox=\box43
\mult@gfirstbox=\box44
\mult@firstbox=\box45
\@tempa=\box46
\@tempa=\box47
\@tempa=\box48
\@tempa=\box49
\@tempa=\box50
\@tempa=\box51
\@tempa=\box52
\@tempa=\box53
\@tempa=\box54
\@tempa=\box55
\@tempa=\box56
\@tempa=\box57
\@tempa=\box58
\@tempa=\box59
\@tempa=\box60
\@tempa=\box61
\@tempa=\box62
\c@columnbadness=\count116
\c@finalcolumnbadness=\count117
\last@try=\dimen141
\multicolovershoot=\dimen142
\multicolundershoot=\dimen143
\mult@nat@firstbox=\box63
\colbreak@box=\box64
\mc@col@check@num=\count118
)
(/usr/local/texlive/2017/texmf-dist/tex/latex/base/textcomp.sty
Package: textcomp 2017/04/05 v2.0i Standard LaTeX package
Package textcomp Info: Sub-encoding information:
(textcomp)               5 = only ISO-Adobe without \textcurrency
(textcomp)               4 = 5 + \texteuro
(textcomp)               3 = 4 + \textohm
(textcomp)               2 = 3 + \textestimated + \textcurrency
(textcomp)               1 = TS1 - \textcircled - \t
(textcomp)               0 = TS1 (full)
(textcomp)             Font families with sub-encoding setting implement
(textcomp)             only a restricted character set as indicated.
(textcomp)             Family '?' is the default used for unknown fonts.
(textcomp)             See the documentation for details.
Package textcomp Info: Setting ? sub-encoding to TS1/1 on input line 79.

(/usr/local/texlive/2017/texmf-dist/tex/latex/base/ts1enc.def
File: ts1enc.def 2001/06/05 v3.0e (jk/car/fm) Standard LaTeX file
Now handling font encoding TS1 ...
... processing UTF-8 mapping file for font encoding TS1

(/usr/local/texlive/2017/texmf-dist/tex/latex/base/ts1enc.dfu
File: ts1enc.dfu 2017/01/28 v1.1t UTF-8 support for inputenc
   defining Unicode char U+00A2 (decimal 162)
   defining Unicode char U+00A3 (decimal 163)
   defining Unicode char U+00A4 (decimal 164)
   defining Unicode char U+00A5 (decimal 165)
   defining Unicode char U+00A6 (decimal 166)
   defining Unicode char U+00A7 (decimal 167)
   defining Unicode char U+00A8 (decimal 168)
   defining Unicode char U+00A9 (decimal 169)
   defining Unicode char U+00AA (decimal 170)
   defining Unicode char U+00AC (decimal 172)
   defining Unicode char U+00AE (decimal 174)
   defining Unicode char U+00AF (decimal 175)
   defining Unicode char U+00B0 (decimal 176)
   defining Unicode char U+00B1 (decimal 177)
   defining Unicode char U+00B2 (decimal 178)
   defining Unicode char U+00B3 (decimal 179)
   defining Unicode char U+00B4 (decimal 180)
   defining Unicode char U+00B5 (decimal 181)
   defining Unicode char U+00B6 (decimal 182)
   defining Unicode char U+00B7 (decimal 183)
   defining Unicode char U+00B9 (decimal 185)
   defining Unicode char U+00BA (decimal 186)
   defining Unicode char U+00BC (decimal 188)
   defining Unicode char U+00BD (decimal 189)
   defining Unicode char U+00BE (decimal 190)
   defining Unicode char U+00D7 (decimal 215)
   defining Unicode char U+00F7 (decimal 247)
   defining Unicode char U+0192 (decimal 402)
   defining Unicode char U+02C7 (decimal 711)
   defining Unicode char U+02D8 (decimal 728)
   defining Unicode char U+02DD (decimal 733)
   defining Unicode char U+0E3F (decimal 3647)
   defining Unicode char U+2016 (decimal 8214)
   defining Unicode char U+2020 (decimal 8224)
   defining Unicode char U+2021 (decimal 8225)
   defining Unicode char U+2022 (decimal 8226)
   defining Unicode char U+2030 (decimal 8240)
   defining Unicode char U+2031 (decimal 8241)
   defining Unicode char U+203B (decimal 8251)
   defining Unicode char U+203D (decimal 8253)
   defining Unicode char U+2044 (decimal 8260)
   defining Unicode char U+204E (decimal 8270)
   defining Unicode char U+2052 (decimal 8274)
   defining Unicode char U+20A1 (decimal 8353)
   defining Unicode char U+20A4 (decimal 8356)
   defining Unicode char U+20A6 (decimal 8358)
   defining Unicode char U+20A9 (decimal 8361)
   defining Unicode char U+20AB (decimal 8363)
   defining Unicode char U+20AC (decimal 8364)
   defining Unicode char U+20B1 (decimal 8369)
   defining Unicode char U+2103 (decimal 8451)
   defining Unicode char U+2116 (decimal 8470)
   defining Unicode char U+2117 (decimal 8471)
   defining Unicode char U+211E (decimal 8478)
   defining Unicode char U+2120 (decimal 8480)
   defining Unicode char U+2122 (decimal 8482)
   defining Unicode char U+2126 (decimal 8486)
   defining Unicode char U+2127 (decimal 8487)
   defining Unicode char U+212E (decimal 8494)
   defining Unicode char U+2190 (decimal 8592)
   defining Unicode char U+2191 (decimal 8593)
   defining Unicode char U+2192 (decimal 8594)
   defining Unicode char U+2193 (decimal 8595)
   defining Unicode char U+2329 (decimal 9001)
   defining Unicode char U+232A (decimal 9002)
   defining Unicode char U+2422 (decimal 9250)
   defining Unicode char U+25E6 (decimal 9702)
   defining Unicode char U+25EF (decimal 9711)
   defining Unicode char U+266A (decimal 9834)
))
LaTeX Info: Redefining \oldstylenums on input line 334.
Package textcomp Info: Setting cmr sub-encoding to TS1/0 on input line 349.
Package textcomp Info: Setting cmss sub-encoding to TS1/0 on input line 350.
Package textcomp Info: Setting cmtt sub-encoding to TS1/0 on input line 351.
Package textcomp Info: Setting cmvtt sub-encoding to TS1/0 on input line 352.
Package textcomp Info: Setting cmbr sub-encoding to TS1/0 on input line 353.
Package textcomp Info: Setting cmtl sub-encoding to TS1/0 on input line 354.
Package textcomp Info: Setting ccr sub-encoding to TS1/0 on input line 355.
Package textcomp Info: Setting ptm sub-encoding to TS1/4 on input line 356.
Package textcomp Info: Setting pcr sub-encoding to TS1/4 on input line 357.
Package textcomp Info: Setting phv sub-encoding to TS1/4 on input line 358.
Package textcomp Info: Setting ppl sub-encoding to TS1/3 on input line 359.
Package textcomp Info: Setting pag sub-encoding to TS1/4 on input line 360.
Package textcomp Info: Setting pbk sub-encoding to TS1/4 on input line 361.
Package textcomp Info: Setting pnc sub-encoding to TS1/4 on input line 362.
Package textcomp Info: Setting pzc sub-encoding to TS1/4 on input line 363.
Package textcomp Info: Setting bch sub-encoding to TS1/4 on input line 364.
Package textcomp Info: Setting put sub-encoding to TS1/5 on input line 365.
Package textcomp Info: Setting uag sub-encoding to TS1/5 on input line 366.
Package textcomp Info: Setting ugq sub-encoding to TS1/5 on input line 367.
Package textcomp Info: Setting ul8 sub-encoding to TS1/4 on input line 368.
Package textcomp Info: Setting ul9 sub-encoding to TS1/4 on input line 369.
Package textcomp Info: Setting augie sub-encoding to TS1/5 on input line 370.
Package textcomp Info: Setting dayrom sub-encoding to TS1/3 on input line 371.
Package textcomp Info: Setting dayroms sub-encoding to TS1/3 on input line 372.

Package textcomp Info: Setting pxr sub-encoding to TS1/0 on input line 373.
Package textcomp Info: Setting pxss sub-encoding to TS1/0 on input line 374.
Package textcomp Info: Setting pxtt sub-encoding to TS1/0 on input line 375.
Package textcomp Info: Setting txr sub-encoding to TS1/0 on input line 376.
Package textcomp Info: Setting txss sub-encoding to TS1/0 on input line 377.
Package textcomp Info: Setting txtt sub-encoding to TS1/0 on input line 378.
Package textcomp Info: Setting lmr sub-encoding to TS1/0 on input line 379.
Package textcomp Info: Setting lmdh sub-encoding to TS1/0 on input line 380.
Package textcomp Info: Setting lmss sub-encoding to TS1/0 on input line 381.
Package textcomp Info: Setting lmssq sub-encoding to TS1/0 on input line 382.
Package textcomp Info: Setting lmvtt sub-encoding to TS1/0 on input line 383.
Package textcomp Info: Setting lmtt sub-encoding to TS1/0 on input line 384.
Package textcomp Info: Setting qhv sub-encoding to TS1/0 on input line 385.
Package textcomp Info: Setting qag sub-encoding to TS1/0 on input line 386.
Package textcomp Info: Setting qbk sub-encoding to TS1/0 on input line 387.
Package textcomp Info: Setting qcr sub-encoding to TS1/0 on input line 388.
Package textcomp Info: Setting qcs sub-encoding to TS1/0 on input line 389.
Package textcomp Info: Setting qpl sub-encoding to TS1/0 on input line 390.
Package textcomp Info: Setting qtm sub-encoding to TS1/0 on input line 391.
Package textcomp Info: Setting qzc sub-encoding to TS1/0 on input line 392.
Package textcomp Info: Setting qhvc sub-encoding to TS1/0 on input line 393.
Package textcomp Info: Setting futs sub-encoding to TS1/4 on input line 394.
Package textcomp Info: Setting futx sub-encoding to TS1/4 on input line 395.
Package textcomp Info: Setting futj sub-encoding to TS1/4 on input line 396.
Package textcomp Info: Setting hlh sub-encoding to TS1/3 on input line 397.
Package textcomp Info: Setting hls sub-encoding to TS1/3 on input line 398.
Package textcomp Info: Setting hlst sub-encoding to TS1/3 on input line 399.
Package textcomp Info: Setting hlct sub-encoding to TS1/5 on input line 400.
Package textcomp Info: Setting hlx sub-encoding to TS1/5 on input line 401.
Package textcomp Info: Setting hlce sub-encoding to TS1/5 on input line 402.
Package textcomp Info: Setting hlcn sub-encoding to TS1/5 on input line 403.
Package textcomp Info: Setting hlcw sub-encoding to TS1/5 on input line 404.
Package textcomp Info: Setting hlcf sub-encoding to TS1/5 on input line 405.
Package textcomp Info: Setting pplx sub-encoding to TS1/3 on input line 406.
Package textcomp Info: Setting pplj sub-encoding to TS1/3 on input line 407.
Package textcomp Info: Setting ptmx sub-encoding to TS1/4 on input line 408.
Package textcomp Info: Setting ptmj sub-encoding to TS1/4 on input line 409.
)
(/usr/local/texlive/2017/texmf-dist/tex/latex/wasysym/wasysym.sty
Package: wasysym 2003/10/30 v2.0 Wasy-2 symbol support package
\symwasy=\mathgroup4
LaTeX Font Info:    Overwriting symbol font `wasy' in version `bold'
(Font)                  U/wasy/m/n --> U/wasy/b/n on input line 90.
)
(/usr/local/texlive/2017/texmf-dist/tex/latex/base/fontenc.sty
Package: fontenc 2017/04/05 v2.0i Standard LaTeX package

(/usr/local/texlive/2017/texmf-dist/tex/latex/base/t1enc.def
File: t1enc.def 2017/04/05 v2.0i Standard LaTeX file
LaTeX Font Info:    Redeclaring font encoding T1 on input line 48.
))
(/usr/local/texlive/2017/texmf-dist/tex/latex/psnfss/helvet.sty
Package: helvet 2005/04/12 PSNFSS-v9.2a (WaS) 
)
(/usr/local/texlive/2017/texmf-dist/tex/latex/psnfss/courier.sty
Package: courier 2005/04/12 PSNFSS-v9.2a (WaS) 
)
(/usr/local/texlive/2017/texmf-dist/tex/latex/amsfonts/amssymb.sty
Package: amssymb 2013/01/14 v3.01 AMS font symbols

(/usr/local/texlive/2017/texmf-dist/tex/latex/amsfonts/amsfonts.sty
Package: amsfonts 2013/01/14 v3.01 Basic AMSFonts support
\@emptytoks=\toks28
\symAMSa=\mathgroup5
\symAMSb=\mathgroup6
LaTeX Font Info:    Overwriting math alphabet `\mathfrak' in version `bold'
(Font)                  U/euf/m/n --> U/euf/b/n on input line 106.
))
(/usr/local/texlive/2017/texmf-dist/tex/latex/sectsty/sectsty.sty
Package: sectsty 2002/02/25 v2.0.2 Commands to change all sectional heading sty
les
)
(/usr/local/texlive/2017/texmf-dist/tex/latex/geometry/geometry.sty
Package: geometry 2010/09/12 v5.6 Page Geometry

(/usr/local/texlive/2017/texmf-dist/tex/generic/oberdiek/ifpdf.sty
Package: ifpdf 2017/03/15 v3.2 Provides the ifpdf switch
)
(/usr/local/texlive/2017/texmf-dist/tex/generic/oberdiek/ifvtex.sty
Package: ifvtex 2016/05/16 v1.6 Detect VTeX and its facilities (HO)
Package ifvtex Info: VTeX not detected.
)
(/usr/local/texlive/2017/texmf-dist/tex/generic/ifxetex/ifxetex.sty
Package: ifxetex 2010/09/12 v0.6 Provides ifxetex conditional
)
\Gm@cnth=\count119
\Gm@cntv=\count120
\c@Gm@tempcnt=\count121
\Gm@bindingoffset=\dimen144
\Gm@wd@mp=\dimen145
\Gm@odd@mp=\dimen146
\Gm@even@mp=\dimen147
\Gm@layoutwidth=\dimen148
\Gm@layoutheight=\dimen149
\Gm@layouthoffset=\dimen150
\Gm@layoutvoffset=\dimen151
\Gm@dimlist=\toks29
)
(/usr/local/texlive/2017/texmf-dist/tex/latex/fancyhdr/fancyhdr.sty
Package: fancyhdr 2016/09/06 3.8 Extensive control of page headers and footers
\fancy@headwidth=\skip59
\f@ncyO@elh=\skip60
\f@ncyO@erh=\skip61
\f@ncyO@olh=\skip62
\f@ncyO@orh=\skip63
\f@ncyO@elf=\skip64
\f@ncyO@erf=\skip65
\f@ncyO@olf=\skip66
\f@ncyO@orf=\skip67
)
(/usr/local/texlive/2017/texmf-dist/tex/latex/natbib/natbib.sty
Package: natbib 2010/09/13 8.31b (PWD, AO)
\bibhang=\skip68
\bibsep=\skip69
LaTeX Info: Redefining \cite on input line 694.
\c@NAT@ctr=\count122
)
(/usr/local/texlive/2017/texmf-dist/tex/latex/tocloft/tocloft.sty
Package: tocloft 2013/05/02 v2.3f parameterised ToC, etc., typesetting
Package tocloft Info: The document has chapter divisions on input line 44.
\cftparskip=\skip70
\cftbeforetoctitleskip=\skip71
\cftaftertoctitleskip=\skip72
\cftbeforepartskip=\skip73
\cftpartnumwidth=\skip74
\cftpartindent=\skip75
\cftbeforechapskip=\skip76
\cftchapindent=\skip77
\cftchapnumwidth=\skip78
\cftbeforesecskip=\skip79
\cftsecindent=\skip80
\cftsecnumwidth=\skip81
\cftbeforesubsecskip=\skip82
\cftsubsecindent=\skip83
\cftsubsecnumwidth=\skip84
\cftbeforesubsubsecskip=\skip85
\cftsubsubsecindent=\skip86
\cftsubsubsecnumwidth=\skip87
\cftbeforeparaskip=\skip88
\cftparaindent=\skip89
\cftparanumwidth=\skip90
\cftbeforesubparaskip=\skip91
\cftsubparaindent=\skip92
\cftsubparanumwidth=\skip93
\cftbeforeloftitleskip=\skip94
\cftafterloftitleskip=\skip95
\cftbeforefigskip=\skip96
\cftfigindent=\skip97
\cftfignumwidth=\skip98
\c@lofdepth=\count123
\c@lotdepth=\count124
\cftbeforelottitleskip=\skip99
\cftafterlottitleskip=\skip100
\cftbeforetabskip=\skip101
\cfttabindent=\skip102
\cfttabnumwidth=\skip103
)
\@indexfile=\write3
\openout3 = `refman.idx'.


Writing index file refman.idx
(/usr/local/texlive/2017/texmf-dist/tex/latex/hyperref/hyperref.sty
Package: hyperref 2017/03/14 v6.85a Hypertext links for LaTeX

(/usr/local/texlive/2017/texmf-dist/tex/generic/oberdiek/hobsub-hyperref.sty
Package: hobsub-hyperref 2016/05/16 v1.14 Bundle oberdiek, subset hyperref (HO)


(/usr/local/texlive/2017/texmf-dist/tex/generic/oberdiek/hobsub-generic.sty
Package: hobsub-generic 2016/05/16 v1.14 Bundle oberdiek, subset generic (HO)
Package: hobsub 2016/05/16 v1.14 Construct package bundles (HO)
Package hobsub Info: Skipping package `infwarerr' (already loaded).
Package hobsub Info: Skipping package `ltxcmds' (already loaded).
Package: ifluatex 2016/05/16 v1.4 Provides the ifluatex switch (HO)
Package ifluatex Info: LuaTeX not detected.
Package hobsub Info: Skipping package `ifvtex' (already loaded).
Package: intcalc 2016/05/16 v1.2 Expandable calculations with integers (HO)
Package hobsub Info: Skipping package `ifpdf' (already loaded).
Package: etexcmds 2016/05/16 v1.6 Avoid name clashes with e-TeX commands (HO)
Package etexcmds Info: Could not find \expanded.
(etexcmds)             That can mean that you are not using pdfTeX 1.50 or
(etexcmds)             that some package has redefined \expanded.
(etexcmds)             In the latter case, load this package earlier.
Package: kvsetkeys 2016/05/16 v1.17 Key value parser (HO)
Package: kvdefinekeys 2016/05/16 v1.4 Define keys (HO)
Package: pdftexcmds 2017/03/19 v0.25 Utility functions of pdfTeX for LuaTeX (HO
)
Package pdftexcmds Info: LuaTeX not detected.
Package pdftexcmds Info: \pdf@primitive is available.
Package pdftexcmds Info: \pdf@ifprimitive is available.
Package pdftexcmds Info: \pdfdraftmode found.
Package: pdfescape 2016/05/16 v1.14 Implements pdfTeX's escape features (HO)
Package: bigintcalc 2016/05/16 v1.4 Expandable calculations on big integers (HO
)
Package: bitset 2016/05/16 v1.2 Handle bit-vector datatype (HO)
Package: uniquecounter 2016/05/16 v1.3 Provide unlimited unique counter (HO)
)
Package hobsub Info: Skipping package `hobsub' (already loaded).
Package: letltxmacro 2016/05/16 v1.5 Let assignment for LaTeX macros (HO)
Package: hopatch 2016/05/16 v1.3 Wrapper for package hooks (HO)
Package: xcolor-patch 2016/05/16 xcolor patch
Package: atveryend 2016/05/16 v1.9 Hooks at the very end of document (HO)
Package atveryend Info: \enddocument detected (standard20110627).
Package: atbegshi 2016/06/09 v1.18 At begin shipout hook (HO)
Package: refcount 2016/05/16 v3.5 Data extraction from label references (HO)
Package: hycolor 2016/05/16 v1.8 Color options for hyperref/bookmark (HO)
)
(/usr/local/texlive/2017/texmf-dist/tex/latex/oberdiek/auxhook.sty
Package: auxhook 2016/05/16 v1.4 Hooks for auxiliary files (HO)
)
(/usr/local/texlive/2017/texmf-dist/tex/latex/oberdiek/kvoptions.sty
Package: kvoptions 2016/05/16 v3.12 Key value format for package options (HO)
)
\@linkdim=\dimen152
\Hy@linkcounter=\count125
\Hy@pagecounter=\count126

(/usr/local/texlive/2017/texmf-dist/tex/latex/hyperref/pd1enc.def
File: pd1enc.def 2017/03/14 v6.85a Hyperref: PDFDocEncoding definition (HO)
Now handling font encoding PD1 ...
... no UTF-8 mapping file for font encoding PD1
)
\Hy@SavedSpaceFactor=\count127

(/usr/local/texlive/2017/texmf-dist/tex/latex/latexconfig/hyperref.cfg
File: hyperref.cfg 2002/06/06 v1.2 hyperref configuration of TeXLive
)
Package hyperref Info: Hyper figures OFF on input line 4498.
Package hyperref Info: Link nesting OFF on input line 4503.
Package hyperref Info: Hyper index ON on input line 4506.
Package hyperref Info: Plain pages OFF on input line 4513.
Package hyperref Info: Backreferencing ON on input line 4516.
Package hyperref Info: Implicit mode ON; LaTeX internals redefined.
Package hyperref Info: Bookmarks ON on input line 4751.

(/usr/local/texlive/2017/texmf-dist/tex/latex/hyperref/backref.sty
Package: backref 2016/05/21 v1.39 Bibliographical back referencing

(/usr/local/texlive/2017/texmf-dist/tex/latex/oberdiek/rerunfilecheck.sty
Package: rerunfilecheck 2016/05/16 v1.8 Rerun checks for auxiliary files (HO)
Package uniquecounter Info: New unique counter `rerunfilecheck' on input line 2
82.
))
\c@Hy@tempcnt=\count128

(/usr/local/texlive/2017/texmf-dist/tex/latex/url/url.sty
\Urlmuskip=\muskip10
Package: url 2013/09/16  ver 3.4  Verb mode for urls, etc.
)
LaTeX Info: Redefining \url on input line 5104.
\XeTeXLinkMargin=\dimen153
\Fld@menulength=\count129
\Field@Width=\dimen154
\Fld@charsize=\dimen155
Package hyperref Info: Hyper figures OFF on input line 6358.
Package hyperref Info: Link nesting OFF on input line 6363.
Package hyperref Info: Hyper index ON on input line 6366.
Package hyperref Info: backreferencing ON on input line 6371.
Package hyperref Info: Link coloring OFF on input line 6378.
Package hyperref Info: Link coloring with OCG OFF on input line 6383.
Package hyperref Info: PDF/A mode OFF on input line 6388.
LaTeX Info: Redefining \ref on input line 6428.
LaTeX Info: Redefining \pageref on input line 6432.
\Hy@abspage=\count130
\c@Item=\count131
\c@Hfootnote=\count132
)

Package hyperref Message: Driver: hpdftex.

(/usr/local/texlive/2017/texmf-dist/tex/latex/hyperref/hpdftex.def
File: hpdftex.def 2017/03/14 v6.85a Hyperref driver for pdfTeX
\Fld@listcount=\count133
\c@bookmark@seq@number=\count134
\Hy@SectionHShift=\skip104
)
Package hyperref Info: Option `colorlinks' set `true' on input line 105.
Package hyperref Info: Option `unicode' set `true' on input line 105.

(/usr/local/texlive/2017/texmf-dist/tex/latex/hyperref/puenc.def
File: puenc.def 2017/03/14 v6.85a Hyperref: PDF Unicode definition (HO)
Now handling font encoding PU ...
... no UTF-8 mapping file for font encoding PU
)
(/usr/local/texlive/2017/texmf-dist/tex/latex/caption/caption.sty
Package: caption 2016/02/21 v3.3-144 Customizing captions (AR)

(/usr/local/texlive/2017/texmf-dist/tex/latex/caption/caption3.sty
Package: caption3 2016/05/22 v1.7-166 caption3 kernel (AR)
Package caption3 Info: TeX engine: e-TeX on input line 67.
\captionmargin=\dimen156
\captionmargin@=\dimen157
\captionwidth=\dimen158
\caption@tempdima=\dimen159
\caption@indent=\dimen160
\caption@parindent=\dimen161
\caption@hangindent=\dimen162
)
\c@ContinuedFloat=\count135
Package caption Info: float package is loaded.
Package caption Info: hyperref package is loaded.
Package caption Info: longtable package is loaded.

(/usr/local/texlive/2017/texmf-dist/tex/latex/caption/ltcaption.sty
Package: ltcaption 2013/06/09 v1.4-94 longtable captions (AR)
))
(./refman.aux)
\openout1 = `refman.aux'.

LaTeX Font Info:    Checking defaults for OML/cmm/m/it on input line 117.
LaTeX Font Info:    ... okay on input line 117.
LaTeX Font Info:    Checking defaults for T1/cmr/m/n on input line 117.
LaTeX Font Info:    ... okay on input line 117.
LaTeX Font Info:    Checking defaults for OT1/cmr/m/n on input line 117.
LaTeX Font Info:    ... okay on input line 117.
LaTeX Font Info:    Checking defaults for OMS/cmsy/m/n on input line 117.
LaTeX Font Info:    ... okay on input line 117.
LaTeX Font Info:    Checking defaults for OMX/cmex/m/n on input line 117.
LaTeX Font Info:    ... okay on input line 117.
LaTeX Font Info:    Checking defaults for U/cmr/m/n on input line 117.
LaTeX Font Info:    ... okay on input line 117.
LaTeX Font Info:    Checking defaults for TS1/cmr/m/n on input line 117.
LaTeX Font Info:    Try loading font information for TS1+cmr on input line 117.

 (/usr/local/texlive/2017/texmf-dist/tex/latex/base/ts1cmr.fd
File: ts1cmr.fd 2014/09/29 v2.5h Standard LaTeX font definitions
)
LaTeX Font Info:    ... okay on input line 117.
LaTeX Font Info:    Checking defaults for PD1/pdf/m/n on input line 117.
LaTeX Font Info:    ... okay on input line 117.
LaTeX Font Info:    Checking defaults for PU/pdf/m/n on input line 117.
LaTeX Font Info:    ... okay on input line 117.
LaTeX Font Info:    Try loading font information for T1+phv on input line 117.

(/usr/local/texlive/2017/texmf-dist/tex/latex/psnfss/t1phv.fd
File: t1phv.fd 2001/06/04 scalable font definitions for T1/phv.
)
LaTeX Font Info:    Font shape `T1/phv/m/n' will be
(Font)              scaled to size 8.99994pt on input line 117.

(/usr/local/texlive/2017/texmf-dist/tex/context/base/mkii/supp-pdf.mkii
[Loading MPS to PDF converter (version 2006.09.02).]
\scratchcounter=\count136
\scratchdimen=\dimen163
\scratchbox=\box65
\nofMPsegments=\count137
\nofMParguments=\count138
\everyMPshowfont=\toks30
\MPscratchCnt=\count139
\MPscratchDim=\dimen164
\MPnumerator=\count140
\makeMPintoPDFobject=\count141
\everyMPtoPDFconversion=\toks31
) (/usr/local/texlive/2017/texmf-dist/tex/latex/oberdiek/epstopdf-base.sty
Package: epstopdf-base 2016/05/15 v2.6 Base part for package epstopdf

(/usr/local/texlive/2017/texmf-dist/tex/latex/oberdiek/grfext.sty
Package: grfext 2016/05/16 v1.2 Manage graphics extensions (HO)
)
Package epstopdf-base Info: Redefining graphics rule for `.eps' on input line 4
38.
Package grfext Info: Graphics extension search list:
(grfext)             [.png,.pdf,.jpg,.mps,.jpeg,.jbig2,.jb2,.PNG,.PDF,.JPG,.JPE
G,.JBIG2,.JB2,.eps]
(grfext)             \AppendGraphicsExtensions on input line 456.

(/usr/local/texlive/2017/texmf-dist/tex/latex/latexconfig/epstopdf-sys.cfg
File: epstopdf-sys.cfg 2010/07/13 v1.3 Configuration of (r)epstopdf for TeX Liv
e
))
*geometry* driver: auto-detecting
*geometry* detected driver: pdftex
*geometry* verbose mode - [ preamble ] result:
* driver: pdftex
* paper: a4paper
* layout: <same size as paper>
* layoutoffset:(h,v)=(0.0pt,0.0pt)
* modes: twoside 
* h-part:(L,W,R)=(71.13188pt, 455.24411pt, 71.13188pt)
* v-part:(T,H,B)=(71.13188pt, 702.78308pt, 71.13188pt)
* \paperwidth=597.50787pt
* \paperheight=845.04684pt
* \textwidth=455.24411pt
* \textheight=702.78308pt
* \oddsidemargin=-1.1381pt
* \evensidemargin=-1.1381pt
* \topmargin=-31.2056pt
* \headheight=12.0pt
* \headsep=18.06749pt
* \topskip=10.0pt
* \footskip=25.29494pt
* \marginparwidth=125.0pt
* \marginparsep=7.0pt
* \columnsep=10.0pt
* \skip\footins=9.0pt plus 4.0pt minus 2.0pt
* \hoffset=0.0pt
* \voffset=0.0pt
* \mag=1000
* \@twocolumnfalse
* \@twosidetrue
* \@mparswitchtrue
* \@reversemarginfalse
* (1in=72.27pt=25.4mm, 1cm=28.453pt)

\AtBeginShipoutBox=\box66
Package backref Info: ** backref set up for natbib ** on input line 117.
Package hyperref Info: Link coloring ON on input line 117.
(/usr/local/texlive/2017/texmf-dist/tex/latex/hyperref/nameref.sty
Package: nameref 2016/05/21 v2.44 Cross-referencing by name of section

(/usr/local/texlive/2017/texmf-dist/tex/generic/oberdiek/gettitlestring.sty
Package: gettitlestring 2016/05/16 v1.5 Cleanup title references (HO)
)
\c@section@level=\count142
)
LaTeX Info: Redefining \ref on input line 117.
LaTeX Info: Redefining \pageref on input line 117.
LaTeX Info: Redefining \nameref on input line 117.

(./refman.out) (./refman.out)
\@outlinefile=\write4
\openout4 = `refman.out'.

Package caption Info: Begin \AtBeginDocument code.
Package caption Info: End \AtBeginDocument code.
Package hyperref Info: Option `pageanchor' set `false' on input line 123.
Package hyperref Info: Option `bookmarksnumbered' set `true' on input line 123.

Package hyperref Info: Option `unicode' set `true' on input line 123.
LaTeX Font Info:    Font shape `T1/phv/m/n' will be
(Font)              scaled to size 12.9599pt on input line 128.
LaTeX Font Info:    Font shape `T1/phv/m/n' will be
(Font)              scaled to size 6.29996pt on input line 128.
LaTeX Font Info:    Try loading font information for U+wasy on input line 128.

(/usr/local/texlive/2017/texmf-dist/tex/latex/wasysym/uwasy.fd
File: uwasy.fd 2003/10/30 v2.0 Wasy-2 symbol font definitions
)
LaTeX Font Info:    Try loading font information for U+msa on input line 128.

(/usr/local/texlive/2017/texmf-dist/tex/latex/amsfonts/umsa.fd
File: umsa.fd 2013/01/14 v3.01 AMS symbols A
)
LaTeX Font Info:    Try loading font information for U+msb on input line 128.

(/usr/local/texlive/2017/texmf-dist/tex/latex/amsfonts/umsb.fd
File: umsb.fd 2013/01/14 v3.01 AMS symbols B
)
LaTeX Font Info:    Font shape `T1/phv/m/n' will be
(Font)              scaled to size 10.79993pt on input line 130.
 [1


{/usr/local/texlive/2017/texmf-var/fonts/map/pdftex/updmap/pdftex.map}] [2

]
LaTeX Font Info:    Font shape `T1/phv/m/n' will be
(Font)              scaled to size 22.39185pt on input line 135.
LaTeX Font Info:    Font shape `T1/phv/bx/n' in size <24.88> not available
(Font)              Font shape `T1/phv/b/n' tried instead on input line 135.
LaTeX Font Info:    Font shape `T1/phv/b/n' will be
(Font)              scaled to size 22.39185pt on input line 135.
LaTeX Font Info:    Font shape `T1/phv/bc/n' will be
(Font)              scaled to size 22.39185pt on input line 135.
 (./refman.toc
LaTeX Font Info:    Font shape `T1/phv/bx/n' in size <10> not available
(Font)              Font shape `T1/phv/b/n' tried instead on input line 1.
LaTeX Font Info:    Font shape `T1/phv/b/n' will be
(Font)              scaled to size 8.99994pt on input line 1.
LaTeX Font Info:    Font shape `T1/phv/bx/n' in size <7> not available
(Font)              Font shape `T1/phv/b/n' tried instead on input line 1.
LaTeX Font Info:    Font shape `T1/phv/b/n' will be
(Font)              scaled to size 6.29996pt on input line 1.

[1

]
Underfull \hbox (badness 10000) in paragraph at lines 46--46
 [][] [][][]\T1/phv/m/n/10 store[]Message[]For[]Client[]Id[]:topic[]:data[]:ret
ain[]Flag[]:qos[]:msg[]Id[]:incoming[]Flag[] 
 []


Underfull \hbox (badness 10000) in paragraph at lines 59--59
 [][] [][][]\T1/phv/m/n/10 close[]With[]Return[]Code[]:session[]Expiry[]Interva
l[]:reason[]String[]:user[]Property[] 
 []

[2] [3] [4]
Underfull \hbox (badness 10000) in paragraph at lines 141--141
 [][] [][][]\T1/phv/m/n/10 connect[]To[]:port[]:tls[]:keepalive[]:clean[]:auth[
]:user[]:pass[]:will[]:will[]Topic[]:will[]Msg[]:will[]Qos[] 
 []


Underfull \hbox (badness 10000) in paragraph at lines 142--142
 [][] [][][]\T1/phv/m/n/10 connect[]To[]:port[]:tls[]:keepalive[]:clean[]:auth[
]:user[]:pass[]:will[]:will[]Topic[]:will[]Msg[]:will[]Qos[] 
 []


Underfull \hbox (badness 10000) in paragraph at lines 143--143
 [][] [][][]\T1/phv/m/n/10 connect[]To[]:port[]:tls[]:keepalive[]:clean[]:auth[
]:user[]:pass[]:will[]:will[]Topic[]:will[]Msg[]:will[]Qos[] 
 []


Underfull \hbox (badness 10000) in paragraph at lines 144--144
 [][] [][][]\T1/phv/m/n/10 connect[]To[]:port[]:tls[]:keepalive[]:clean[]:auth[
]:user[]:pass[]:will[]Topic[]:will[]:will[]Qos[]:will[] 
 []


Underfull \hbox (badness 10000) in paragraph at lines 148--148
 [][] [][][]\T1/phv/m/n/10 init[]With[]Persistence[]:max[]Window[]Size[]:max[]M
essages[]:max[]Size[]:connect[]In[] 
 []


Underfull \hbox (badness 10000) in paragraph at lines 149--149
 [][] [][][]\T1/phv/m/n/10 init[]With[]Persistence[]:max[]Window[]Size[]:max[]M
essages[]:max[]Size[]:max[]Connection[] 
 []

[5] [6] [7])
\tf@toc=\write5
\openout5 = `refman.toc'.

 [8]
Package hyperref Info: Option `pageanchor' set `true' on input line 138.

Chapter 1.
LaTeX Font Info:    Font shape `T1/phv/m/n' will be
(Font)              scaled to size 18.66588pt on input line 141.
LaTeX Font Info:    Font shape `T1/phv/bx/n' in size <20.74> not available
(Font)              Font shape `T1/phv/b/n' tried instead on input line 141.
LaTeX Font Info:    Font shape `T1/phv/b/n' will be
(Font)              scaled to size 18.66588pt on input line 141.
LaTeX Font Info:    Font shape `T1/phv/bc/n' will be
(Font)              scaled to size 18.66588pt on input line 141.
LaTeX Font Info:    Font shape `T1/phv/bc/n' will be
(Font)              scaled to size 6.29996pt on input line 141.
(./index.tex
LaTeX Font Info:    Try loading font information for T1+pcr on input line 1.
 (/usr/local/texlive/2017/texmf-dist/tex/latex/psnfss/t1pcr.fd
File: t1pcr.fd 2001/06/04 font definitions for T1/pcr.
)
LaTeX Font Info:    Font shape `T1/phv/bc/n' will be
(Font)              scaled to size 8.99994pt on input line 3.
LaTeX Font Info:    Try loading font information for TS1+phv on input line 7.

(/usr/local/texlive/2017/texmf-dist/tex/latex/psnfss/ts1phv.fd
File: ts1phv.fd 2001/06/04 scalable font definitions for TS1/phv.
)
LaTeX Font Info:    Font shape `TS1/phv/m/n' will be
(Font)              scaled to size 8.99994pt on input line 7.
 [1


] [2]
Overfull \hbox (22.33453pt too wide) in paragraph at lines 136--137
\T1/phv/m/n/10 Documentation gen-er-ated with doxy-gen [][]\T1/pcr/m/n/10 http[
]://doxygen.[]org[][] \T1/phv/m/n/10 in the \T1/pcr/m/n/10 ./[]M[]Q[]T[]T[]Clie
nt/dist/documentation
 []


Underfull \hbox (badness 10000) in paragraph at lines 156--156
[] \T1/phv/b/n/10 Wrap-
 []


Underfull \hbox (badness 10000) in paragraph at lines 156--156
[] \T1/phv/b/n/10 Mar-
 []


Underfull \hbox (badness 10000) in paragraph at lines 156--156
[]
 []


Underfull \hbox (badness 10000) in paragraph at lines 156--156
\T1/phv/b/n/10 Moscap-
 []


Underfull \hbox (badness 10000) in paragraph at lines 156--156
[] \T1/phv/b/n/10 Mus-
 []


Underfull \hbox (badness 4441) in paragraph at lines 156--156
[] \T1/phv/b/n/10 M[]Q[]T[]
 []


Underfull \hbox (badness 10000) in paragraph at lines 156--156
[]
 []


Underfull \hbox (badness 10000) in paragraph at lines 156--156
\T1/phv/b/n/10 Cocoa[]
 []


Underfull \hbox (badness 10000) in paragraph at lines 156--156
[] \T1/phv/b/n/10 Wrap-
 []


Underfull \hbox (badness 10000) in paragraph at lines 156--156
[] \T1/phv/b/n/10 Mar-
 []


Underfull \hbox (badness 10000) in paragraph at lines 156--156
[]
 []


Underfull \hbox (badness 10000) in paragraph at lines 156--156
\T1/phv/b/n/10 Moscap-
 []


Underfull \hbox (badness 10000) in paragraph at lines 156--156
[] \T1/phv/b/n/10 Mus-
 []


Underfull \hbox (badness 4441) in paragraph at lines 156--156
[] \T1/phv/b/n/10 M[]Q[]T[]
 []


Underfull \hbox (badness 10000) in paragraph at lines 156--156
[]
 []


Underfull \hbox (badness 10000) in paragraph at lines 156--156
\T1/phv/b/n/10 Cocoa[]
 []


Overfull \hbox (2.24075pt too wide) in paragraph at lines 156--156
[]\T1/phv/m/n/10 Mosquitto| 
 []


Overfull \hbox (2.24075pt too wide) in paragraph at lines 156--156
[]\T1/phv/m/n/10 Mosquitto| 
 []


Overfull \hbox (2.24075pt too wide) in paragraph at lines 156--156
[]\T1/phv/m/n/10 Mosquitto| 
 []


Overfull \hbox (2.24075pt too wide) in paragraph at lines 156--156
[]\T1/phv/m/n/10 Mosquitto| 
 []

[3]) [4]
Chapter 2.
(./md___users_ckrey__m_q_t_t-_client-_framework__c_h_a_n_g_e_l_o_g.tex
LaTeX Font Info:    Font shape `T1/phv/bx/n' in size <12> not available
(Font)              Font shape `T1/phv/b/n' tried instead on input line 1.
LaTeX Font Info:    Font shape `T1/phv/b/n' will be
(Font)              scaled to size 10.79993pt on input line 1.
LaTeX Font Info:    Font shape `T1/phv/bc/n' will be
(Font)              scaled to size 10.79993pt on input line 1.
LaTeX Font Info:    Font shape `T1/phv/m/n' will be
(Font)              scaled to size 7.19995pt on input line 5.

Overfull \hbox (48.75621pt too wide) in paragraph at lines 47--47
[]\T1/pcr/m/n/8 [FIX] Fixed the PUBACK message sent by the client having the me
ssage id twice in the message payload #317[] 
 []

[5

] [6] [7] [8] [9] [10] [11]) [12]
Chapter 3.
(./hierarchy.tex
LaTeX Font Info:    Font shape `T1/phv/bx/n' in size <14.4> not available
(Font)              Font shape `T1/phv/b/n' tried instead on input line 1.
LaTeX Font Info:    Font shape `T1/phv/b/n' will be
(Font)              scaled to size 12.9599pt on input line 1.
LaTeX Font Info:    Font shape `T1/phv/bc/n' will be
(Font)              scaled to size 12.9599pt on input line 1.
 [13

]) [14]
Chapter 4.
(./annotated.tex) [15

] [16

]
Chapter 5.
(./interface_m_q_t_t_c_f_socket_transport.tex
<interface_m_q_t_t_c_f_socket_transport.pdf, id=1396, 501.875pt x 72.01906pt>
File: interface_m_q_t_t_c_f_socket_transport.pdf Graphic file (type pdf)

<use interface_m_q_t_t_c_f_socket_transport.pdf>
Package pdftex.def Info: interface_m_q_t_t_c_f_socket_transport.pdf used on inp
ut line 10.
(pdftex.def)             Requested size: 398.34544pt x 57.16078pt.
LaTeX Font Info:    Font shape `T1/pcr/m/it' in size <8> not available
(Font)              Font shape `T1/pcr/m/sl' tried instead on input line 41.
 [17 <./interface_m_q_t_t_c_f_socket_transport.pdf>]
Underfull \hbox (badness 10000) detected at line 50
[][][]
 []

) (./interface_m_q_t_t_core_data_flow.tex [18]
<interface_m_q_t_t_core_data_flow.pdf, id=1434, 501.875pt x 147.61147pt>
File: interface_m_q_t_t_core_data_flow.pdf Graphic file (type pdf)

<use interface_m_q_t_t_core_data_flow.pdf>
Package pdftex.def Info: interface_m_q_t_t_core_data_flow.pdf used on input lin
e 6.
(pdftex.def)             Requested size: 193.479pt x 56.9055pt.
)
(./interface_m_q_t_t_core_data_persistence.tex
<interface_m_q_t_t_core_data_persistence.pdf, id=1435, 501.875pt x 114.71858pt>
File: interface_m_q_t_t_core_data_persistence.pdf Graphic file (type pdf)
<use interface_m_q_t_t_core_data_persistence.pdf>
Package pdftex.def Info: interface_m_q_t_t_core_data_persistence.pdf used on in
put line 6.
(pdftex.def)             Requested size: 248.95346pt x 56.9055pt.
)
(./interface_m_q_t_t_flow.tex
<interface_m_q_t_t_flow.pdf, id=1436, 501.875pt x 158.07054pt>
File: interface_m_q_t_t_flow.pdf Graphic file (type pdf)

<use interface_m_q_t_t_flow.pdf>
Package pdftex.def Info: interface_m_q_t_t_flow.pdf used on input line 6.
(pdftex.def)             Requested size: 180.67485pt x 56.9055pt.
 [19 <./interface_m_q_t_t_core_data_flow.pdf> <./interface_m_q_t_t_core_data_pe
rsistence.pdf>]) (./protocol_m_q_t_t_flow-p.tex

Package hyperref Warning: Token not allowed in a PDF string (Unicode):
(hyperref)                removing `math shift' on input line 1.


Package hyperref Warning: Token not allowed in a PDF string (Unicode):
(hyperref)                removing `math shift' on input line 1.


Package hyperref Warning: Token not allowed in a PDF string (Unicode):
(hyperref)                removing `math shift' on input line 1.


Package hyperref Warning: Token not allowed in a PDF string (Unicode):
(hyperref)                removing `math shift' on input line 1.

<protocol_m_q_t_t_flow-p.pdf, id=1455, 501.875pt x 96.98233pt>
File: protocol_m_q_t_t_flow-p.pdf Graphic file (type pdf)

<use protocol_m_q_t_t_flow-p.pdf>
Package pdftex.def Info: protocol_m_q_t_t_flow-p.pdf used on input line 10.
(pdftex.def)             Requested size: 294.48018pt x 56.9055pt.
 [20 <./interface_m_q_t_t_flow.pdf> <./protocol_m_q_t_t_flow-p.pdf>] [21]) (./i
nterface_m_q_t_t_in_memory_flow.tex
<interface_m_q_t_t_in_memory_flow.pdf, id=1500, 501.875pt x 145.47348pt>
File: interface_m_q_t_t_in_memory_flow.pdf Graphic file (type pdf)

<use interface_m_q_t_t_in_memory_flow.pdf>
Package pdftex.def Info: interface_m_q_t_t_in_memory_flow.pdf used on input lin
e 6.
(pdftex.def)             Requested size: 196.32011pt x 56.9055pt.
)
(./interface_m_q_t_t_in_memory_persistence.tex
<interface_m_q_t_t_in_memory_persistence.pdf, id=1501, 501.875pt x 113.41371pt>
File: interface_m_q_t_t_in_memory_persistence.pdf Graphic file (type pdf)
<use interface_m_q_t_t_in_memory_persistence.pdf>
Package pdftex.def Info: interface_m_q_t_t_in_memory_persistence.pdf used on in
put line 6.
(pdftex.def)             Requested size: 251.81754pt x 56.9055pt.
) (./interface_m_q_t_t_log.tex <interface_m_q_t_t_log.pdf, id=1502, 501.875pt x
 456.25455pt>
File: interface_m_q_t_t_log.pdf Graphic file (type pdf)

<use interface_m_q_t_t_log.pdf>
Package pdftex.def Info: interface_m_q_t_t_log.pdf used on input line 10.
(pdftex.def)             Requested size: 62.58871pt x 56.9055pt.
 [22 <./interface_m_q_t_t_in_memory_flow.pdf> <./interface_m_q_t_t_in_memory_pe
rsistence.pdf>]
LaTeX Font Info:    Font shape `T1/pcr/m/it' in size <7> not available
(Font)              Font shape `T1/pcr/m/sl' tried instead on input line 28.
 [23 <./interface_m_q_t_t_log.pdf>]) (./protocol_m_q_t_t_persistence-p.tex

Package hyperref Warning: Token not allowed in a PDF string (Unicode):
(hyperref)                removing `math shift' on input line 1.


Package hyperref Warning: Token not allowed in a PDF string (Unicode):
(hyperref)                removing `math shift' on input line 1.


Package hyperref Warning: Token not allowed in a PDF string (Unicode):
(hyperref)                removing `math shift' on input line 1.


Package hyperref Warning: Token not allowed in a PDF string (Unicode):
(hyperref)                removing `math shift' on input line 1.

<protocol_m_q_t_t_persistence-p.pdf, id=1536, 501.875pt x 113.41371pt>
File: protocol_m_q_t_t_persistence-p.pdf Graphic file (type pdf)

<use protocol_m_q_t_t_persistence-p.pdf>
Package pdftex.def Info: protocol_m_q_t_t_persistence-p.pdf used on input line 
10.
(pdftex.def)             Requested size: 251.81754pt x 56.9055pt.
 [24 <./protocol_m_q_t_t_persistence-p.pdf>]
Underfull \hbox (badness 10000) detected at line 60
[][][]
 []


Overfull \hbox (1.47571pt too wide) in paragraph at lines 73--73
[]\T1/phv/m/sl/10 client[] 
 []

[25]
Underfull \hbox (badness 10000) detected at line 100
[][][]
 []


Underfull \hbox (badness 10000) detected at line 130
[][][]
 []

[26]
Overfull \hbox (1.47571pt too wide) in paragraph at lines 149--149
[]\T1/phv/m/sl/10 client[] 
 []


Underfull \hbox (badness 10000) detected at line 150
[][][]
 []

) (./interface_m_q_t_t_session.tex
<interface_m_q_t_t_session.pdf, id=1608, 501.875pt x 405.55516pt>
File: interface_m_q_t_t_session.pdf Graphic file (type pdf)

<use interface_m_q_t_t_session.pdf>
Package pdftex.def Info: interface_m_q_t_t_session.pdf used on input line 10.
(pdftex.def)             Requested size: 70.41518pt x 56.9055pt.
 [27] [28 <./interface_m_q_t_t_session.pdf>] [29] [30] [31]
Underfull \hbox (badness 10000) detected at line 263
[][][]
 []


Underfull \hbox (badness 10000) detected at line 291
[][][]
 []


Underfull \hbox (badness 10000) detected at line 294
[][][]
 []

[32]
Underfull \hbox (badness 10000) detected at line 331
[][][]
 []


Underfull \hbox (badness 10000) detected at line 334
[][][]
 []

[33]
Underfull \hbox (badness 10000) detected at line 373
[][][]
 []


Underfull \hbox (badness 10000) detected at line 376
[][][]
 []


Underfull \hbox (badness 10000) detected at line 406
[][][]
 []


Underfull \hbox (badness 10000) detected at line 409
[][][]
 []

[34]
Underfull \hbox (badness 10000) detected at line 442
[][][]
 []


Underfull \hbox (badness 10000) detected at line 445
[][][]
 []

[35]
Underfull \hbox (badness 10000) detected at line 477
[][][]
 []


Underfull \hbox (badness 10000) detected at line 480
[][][]
 []


Underfull \hbox (badness 10000) detected at line 516
[][][]
 []


Underfull \hbox (badness 10000) detected at line 519
[][][]
 []

[36]
Underfull \hbox (badness 10000) detected at line 547
[][][]
 []


Underfull \hbox (badness 10000) detected at line 550
[][][]
 []


Underfull \hbox (badness 10000) detected at line 566
[][][]
 []

[37]
Underfull \hbox (badness 10000) detected at line 569
[][][]
 []


Underfull \hbox (badness 10000) detected at line 601
[][][]
 []


Underfull \hbox (badness 10000) detected at line 604
[][][]
 []

[38] [39] [40] [41] [42] [43]) (./protocol_m_q_t_t_session_delegate_01-p.tex

Package hyperref Warning: Token not allowed in a PDF string (Unicode):
(hyperref)                removing `math shift' on input line 1.


Package hyperref Warning: Token not allowed in a PDF string (Unicode):
(hyperref)                removing `math shift' on input line 1.


Package hyperref Warning: Token not allowed in a PDF string (Unicode):
(hyperref)                removing `math shift' on input line 1.


Package hyperref Warning: Token not allowed in a PDF string (Unicode):
(hyperref)                removing `math shift' on input line 1.


<protocol_m_q_t_t_session_delegate_01-p.pdf, id=1896, 501.875pt x 238.99287pt>
File: protocol_m_q_t_t_session_delegate_01-p.pdf Graphic file (type pdf)

<use protocol_m_q_t_t_session_delegate_01-p.pdf>
Package pdftex.def Info: protocol_m_q_t_t_session_delegate_01-p.pdf used on inp
ut line 10.
(pdftex.def)             Requested size: 119.49521pt x 56.9055pt.
 [44]
Underfull \hbox (badness 10000) detected at line 59
[][][]
 []

[45 <./protocol_m_q_t_t_session_delegate_01-p.pdf>] [46]
Underfull \vbox (badness 10000) has occurred while \output is active []

 [47]
Underfull \hbox (badness 10000) detected at line 196
[][][]
 []

[48]
Underfull \hbox (badness 10000) detected at line 212
[][][]
 []


Underfull \hbox (badness 10000) detected at line 236
[][][]
 []

[49]
Underfull \hbox (badness 10000) detected at line 281
[][][]
 []

[50] [51] [52] [53] [54]) (./interface_m_q_t_t_session_manager.tex
<interface_m_q_t_t_session_manager.pdf, id=2088, 501.875pt x 123.16013pt>
File: interface_m_q_t_t_session_manager.pdf Graphic file (type pdf)

<use interface_m_q_t_t_session_manager.pdf>
Package pdftex.def Info: interface_m_q_t_t_session_manager.pdf used on input li
ne 10.
(pdftex.def)             Requested size: 231.89146pt x 56.9055pt.

Underfull \hbox (badness 10000) in paragraph at lines 18--20
[]\T1/phv/m/n/10 ([][]M[]Q[]T[]T[]Session[]Manager[][] $\OMS/cmsy/m/n/10 ^^C$\T
1/phv/m/n/10 ) - [][]init[]With[]Persistence[]:max[]Window[]Size[]:max[]Message
s[]:max[]Size[]:connect[]In[]
 []

[55 <./interface_m_q_t_t_session_manager.pdf>] [56]
Underfull \hbox (badness 10000) in paragraph at lines 101--101
[]\T1/phv/bc/n/10 connect[]To[]:port[]:tls[]:keepalive[]:clean[]:auth[]:user[]:
pass[]:will[]:will[]Topic[]:will[]Msg[]:will[]Qos[]:will[]Retain[]Flag[]:with[]
Client[]Id[]:security[]
 []

[57]
Underfull \hbox (badness 10000) in paragraph at lines 142--142
[]\T1/phv/bc/n/10 connect[]To[]:port[]:tls[]:keepalive[]:clean[]:auth[]:user[]:
pass[]:will[]:will[]Topic[]:will[]Msg[]:will[]Qos[]:will[]Retain[]Flag[]:with[]
Client[]Id[]:security[]
 []

[58] [59]
Underfull \hbox (badness 10000) detected at line 246
[][][]
 []

[60]
Underfull \hbox (badness 10000) detected at line 268
[][][]
 []

[61]
Underfull \hbox (badness 10000) detected at line 292
[][][]
 []


Underfull \hbox (badness 10000) detected at line 314
[][][]
 []


Underfull \hbox (badness 10000) detected at line 317
[][][]
 []

[62] [63]) (./protocol_m_q_t_t_session_manager_delegate_01-p.tex

Package hyperref Warning: Token not allowed in a PDF string (Unicode):
(hyperref)                removing `math shift' on input line 1.


Package hyperref Warning: Token not allowed in a PDF string (Unicode):
(hyperref)                removing `math shift' on input line 1.


Package hyperref Warning: Token not allowed in a PDF string (Unicode):
(hyperref)                removing `math shift' on input line 1.


Package hyperref Warning: Token not allowed in a PDF string (Unicode):
(hyperref)                removing `math shift' on input line 1.


<protocol_m_q_t_t_session_manager_delegate_01-p.pdf, id=2221, 501.875pt x 183.3
3493pt>
File: protocol_m_q_t_t_session_manager_delegate_01-p.pdf Graphic file (type pdf
)
 <use protocol_m_q_t_t_session_manager_delegate_01-p.pdf>
Package pdftex.def Info: protocol_m_q_t_t_session_manager_delegate_01-p.pdf use
d on input line 10.
(pdftex.def)             Requested size: 155.77875pt x 56.9055pt.
 [64 <./protocol_m_q_t_t_session_manager_delegate_01-p.pdf>]
Underfull \hbox (badness 10000) detected at line 60
[][][]
 []

[65]
Underfull \hbox (badness 10000) detected at line 89
[][][]
 []

) (./interface_m_q_t_t_s_s_l_security_policy.tex
<interface_m_q_t_t_s_s_l_security_policy.pdf, id=2262, 501.875pt x 250.9375pt>
File: interface_m_q_t_t_s_s_l_security_policy.pdf Graphic file (type pdf)

<use interface_m_q_t_t_s_s_l_security_policy.pdf>
Package pdftex.def Info: interface_m_q_t_t_s_s_l_security_policy.pdf used on in
put line 10.
(pdftex.def)             Requested size: 113.80533pt x 56.9055pt.
 [66 <./interface_m_q_t_t_s_s_l_security_policy.pdf>] [67]
Underfull \hbox (badness 10000) detected at line 88
[][][]
 []


Underfull \hbox (badness 10000) detected at line 108
[][][]
 []


Underfull \vbox (badness 10000) has occurred while \output is active []

 [68]
Underfull \hbox (badness 10000) detected at line 124
[][][]
 []

) (./interface_m_q_t_t_s_s_l_security_policy_transport.tex
<interface_m_q_t_t_s_s_l_security_policy_transport.pdf, id=2315, 501.875pt x 72
.01906pt>
File: interface_m_q_t_t_s_s_l_security_policy_transport.pdf Graphic file (type 
pdf)
 <use interface_m_q_t_t_s_s_l_security_policy_transport.pdf>
Package pdftex.def Info: interface_m_q_t_t_s_s_l_security_policy_transport.pdf 
used on input line 10.
(pdftex.def)             Requested size: 398.34544pt x 57.16078pt.
 [69])
(./interface_m_q_t_t_strict.tex
<interface_m_q_t_t_strict.pdf, id=2328, 501.875pt x 456.25455pt>
File: interface_m_q_t_t_strict.pdf Graphic file (type pdf)

<use interface_m_q_t_t_strict.pdf>
Package pdftex.def Info: interface_m_q_t_t_strict.pdf used on input line 10.
(pdftex.def)             Requested size: 62.58871pt x 56.9055pt.
 [70 <./interface_m_q_t_t_s_s_l_security_policy_transport.pdf>] [71 <./interfac
e_m_q_t_t_strict.pdf>]
Underfull \hbox (badness 10000) detected at line 45
[][][]
 []

) (./interface_m_q_t_t_transport.tex
<interface_m_q_t_t_transport.pdf, id=2359, 501.875pt x 187.62094pt>
File: interface_m_q_t_t_transport.pdf Graphic file (type pdf)

<use interface_m_q_t_t_transport.pdf>
Package pdftex.def Info: interface_m_q_t_t_transport.pdf used on input line 6.
(pdftex.def)             Requested size: 304.43556pt x 113.81102pt.
) (./protocol_m_q_t_t_transport_01-p.tex

Package hyperref Warning: Token not allowed in a PDF string (Unicode):
(hyperref)                removing `math shift' on input line 1.


Package hyperref Warning: Token not allowed in a PDF string (Unicode):
(hyperref)                removing `math shift' on input line 1.


Package hyperref Warning: Token not allowed in a PDF string (Unicode):
(hyperref)                removing `math shift' on input line 1.


Package hyperref Warning: Token not allowed in a PDF string (Unicode):
(hyperref)                removing `math shift' on input line 1.

<protocol_m_q_t_t_transport_01-p.pdf, id=2360, 501.875pt x 313.67188pt>
File: protocol_m_q_t_t_transport_01-p.pdf Graphic file (type pdf)

<use protocol_m_q_t_t_transport_01-p.pdf>
Package pdftex.def Info: protocol_m_q_t_t_transport_01-p.pdf used on input line
 10.
(pdftex.def)             Requested size: 91.04579pt x 56.9055pt.
 [72 <./interface_m_q_t_t_transport.pdf> <./protocol_m_q_t_t_transport_01-p.pdf
>]
Underfull \hbox (badness 10000) detected at line 66
[][][]
 []

[73]
Underfull \hbox (badness 10000) in paragraph at lines 76--77
\T1/pcr/m/n/8 - ([]_[][]Nullable id$\OML/cmm/m/it/8 <$\T1/pcr/m/n/8 M[]Q[]T[]T[
]Transport[]Delegate$\OML/cmm/m/it/8 >$ [][]\T1/pcr/m/n/8 M[]Q[]T[]T[]Transport
[][]) delegate [read], [write], [nonatomic],
 []

) (./protocol_m_q_t_t_transport_delegate_01-p.tex

Package hyperref Warning: Token not allowed in a PDF string (Unicode):
(hyperref)                removing `math shift' on input line 1.


Package hyperref Warning: Token not allowed in a PDF string (Unicode):
(hyperref)                removing `math shift' on input line 1.


Package hyperref Warning: Token not allowed in a PDF string (Unicode):
(hyperref)                removing `math shift' on input line 1.


Package hyperref Warning: Token not allowed in a PDF string (Unicode):
(hyperref)                removing `math shift' on input line 1.


<protocol_m_q_t_t_transport_delegate_01-p.pdf, id=2413, 501.875pt x 225.5627pt>
File: protocol_m_q_t_t_transport_delegate_01-p.pdf Graphic file (type pdf)
<use protocol_m_q_t_t_transport_delegate_01-p.pdf>
Package pdftex.def Info: protocol_m_q_t_t_transport_delegate_01-p.pdf used on i
nput line 10.
(pdftex.def)             Requested size: 126.60947pt x 56.9055pt.
 [74] [75 <./protocol_m_q_t_t_transport_delegate_01-p.pdf>]) (./interface_m_q_t
_t_websocket_transport.tex
<interface_m_q_t_t_websocket_transport.pdf, id=2443, 501.875pt x 88.57089pt>
File: interface_m_q_t_t_websocket_transport.pdf Graphic file (type pdf)

<use interface_m_q_t_t_websocket_transport.pdf>
Package pdftex.def Info: interface_m_q_t_t_websocket_transport.pdf used on inpu
t line 10.
(pdftex.def)             Requested size: 398.31482pt x 70.29483pt.
 [76] [77 <./interface_m_q_t_t_websocket_transport.pdf>]) [78] (./refman.ind
Underfull \hbox (badness 10000) in paragraph at lines 48--49
[]\T1/phv/m/n/10 close[]With[]Return[]Code[]:session[]Expiry[]Interval[]:reason
[]
 []


Underfull \hbox (badness 10000) in paragraph at lines 58--59
[]\T1/phv/m/n/10 connect[]To[]:port[]:tls[]:keepalive[]:clean[]:auth[]:user[]:p
ass[]:will[]
 []


Underfull \hbox (badness 10000) in paragraph at lines 58--59
\T1/phv/m/n/10 :will[]Topic[]:will[]Msg[]:will[]Qos[]:will[]Retain[]Flag[]
 []


Underfull \hbox (badness 10000) in paragraph at lines 60--61
[]\T1/phv/m/n/10 connect[]To[]:port[]:tls[]:keepalive[]:clean[]:auth[]:user[]:p
ass[]:will[]
 []


Underfull \hbox (badness 10000) in paragraph at lines 60--61
\T1/phv/m/n/10 :will[]Topic[]:will[]Msg[]:will[]Qos[]:will[]Retain[]Flag[]
 []


Underfull \hbox (badness 10000) in paragraph at lines 62--63
[]\T1/phv/m/n/10 connect[]To[]:port[]:tls[]:keepalive[]:clean[]:auth[]:user[]:p
ass[]
 []


Underfull \hbox (badness 10000) in paragraph at lines 62--63
\T1/phv/m/n/10 :will[]:will[]Topic[]:will[]Msg[]:will[]Qos[]:will[]Retain[]
 []


Underfull \hbox (badness 10000) in paragraph at lines 62--63
\T1/phv/m/n/10 Flag[]:with[]Client[]Id[]:security[]Policy[]:certificates[]
 []


Underfull \hbox (badness 10000) in paragraph at lines 64--65
[]\T1/phv/m/n/10 connect[]To[]:port[]:tls[]:keepalive[]:clean[]:auth[]:user[]:p
ass[]:will[]
 []


Underfull \hbox (badness 10000) in paragraph at lines 64--65
\T1/phv/m/n/10 Topic[]:will[]:will[]Qos[]:will[]Retain[]Flag[]:with[]Client[]
 []

[79



]
Underfull \hbox (badness 10000) in paragraph at lines 102--103
[]\T1/phv/m/n/10 disconnect[]With[]Return[]Code[]:session[]Expiry[]Interval[]
 []


Underfull \hbox (badness 10000) in paragraph at lines 143--144
[]\T1/phv/m/n/10 init[]With[]Persistence[]:max[]Window[]Size[]:max[]Messages[]
 []


Underfull \hbox (badness 10000) in paragraph at lines 145--146
[]\T1/phv/m/n/10 init[]With[]Persistence[]:max[]Window[]Size[]:max[]Messages[]
 []


Underfull \hbox (badness 10000) in paragraph at lines 147--148
[]\T1/phv/m/n/10 init[]With[]Persistence[]:max[]Window[]Size[]:max[]Messages[]
 []


Underfull \hbox (badness 10000) in paragraph at lines 147--148
\T1/phv/m/n/10 :max[]Size[]:max[]Connection[]Retry[]Interval[]
 []


Underfull \hbox (badness 10000) in paragraph at lines 197--199
[]| \T1/phv/m/n/10 store[]Message[]For[]Client[]Id[]:topic[]:data[]:retain[]Fla
g[]
 []


Underfull \hbox (badness 10000) in paragraph at lines 197--199
\T1/phv/m/n/10 :qos[]:msg[]Id[]:incoming[]Flag[]:command[]Type[]
 []


Underfull \hbox (badness 10000) in paragraph at lines 221--223
[]| \T1/phv/m/n/10 close[]With[]Return[]Code[]:session[]Expiry[]Interval[]
 []


Underfull \hbox (badness 10000) in paragraph at lines 221--223
\T1/phv/m/n/10 :reason[]String[]:user[]Property[]:disconnect[]
 []


Underfull \hbox (badness 10000) in paragraph at lines 230--232
[]| \T1/phv/m/n/10 disconnect[]With[]Return[]Code[]:session[]Expiry[]
 []

[80]
Underfull \hbox (badness 10000) in paragraph at lines 289--291
[]| \T1/phv/m/n/10 ignore[]Received[]:type[]:qos[]:retained[]:duped[]:mid[]
 []


Underfull \hbox (badness 10000) in paragraph at lines 292--294
[]| \T1/phv/m/n/10 message[]Delivered[]:msg[]I[]D[]:topic[]:data[]:qos[]:retain
[]
 []


Underfull \hbox (badness 10000) in paragraph at lines 296--298
[]| \T1/phv/m/n/10 new[]Message[]With[]Feedback[]:data[]:on[]Topic[]:qos[]
 []


Underfull \hbox (badness 10000) in paragraph at lines 309--311
[]| \T1/phv/m/n/10 connect[]To[]:port[]:tls[]:keepalive[]:clean[]:auth[]:user[]

 []


Underfull \hbox (badness 10000) in paragraph at lines 309--311
\T1/phv/m/n/10 :pass[]:will[]:will[]Topic[]:will[]Msg[]:will[]Qos[]:will[]
 []


Underfull \hbox (badness 10000) in paragraph at lines 311--313
[]| \T1/phv/m/n/10 connect[]To[]:port[]:tls[]:keepalive[]:clean[]:auth[]:user[]

 []


Underfull \hbox (badness 10000) in paragraph at lines 311--313
\T1/phv/m/n/10 :pass[]:will[]:will[]Topic[]:will[]Msg[]:will[]Qos[]:will[]
 []


Underfull \hbox (badness 10000) in paragraph at lines 311--313
\T1/phv/m/n/10 Retain[]Flag[]:with[]Client[]Id[]:security[]Policy[]
 []


Underfull \hbox (badness 10000) in paragraph at lines 313--315
[]| \T1/phv/m/n/10 connect[]To[]:port[]:tls[]:keepalive[]:clean[]:auth[]:user[]

 []


Underfull \hbox (badness 10000) in paragraph at lines 313--315
\T1/phv/m/n/10 :pass[]:will[]:will[]Topic[]:will[]Msg[]:will[]Qos[]:will[]
 []


Underfull \hbox (badness 10000) in paragraph at lines 313--315
\T1/phv/m/n/10 Retain[]Flag[]:with[]Client[]Id[]:security[]Policy[]
 []


Underfull \hbox (badness 10000) in paragraph at lines 315--317
[]| \T1/phv/m/n/10 connect[]To[]:port[]:tls[]:keepalive[]:clean[]:auth[]:user[]

 []


Underfull \hbox (badness 10000) in paragraph at lines 315--317
\T1/phv/m/n/10 :pass[]:will[]Topic[]:will[]:will[]Qos[]:will[]Retain[]Flag[]
 []


Underfull \hbox (badness 10000) in paragraph at lines 322--324
[]| \T1/phv/m/n/10 init[]With[]Persistence[]:max[]Window[]Size[]:max[]
 []


Underfull \hbox (badness 10000) in paragraph at lines 324--326
[]| \T1/phv/m/n/10 init[]With[]Persistence[]:max[]Window[]Size[]:max[]
 []


Underfull \hbox (badness 10000) in paragraph at lines 324--326
\T1/phv/m/n/10 Messages[]:max[]Size[]:connect[]In[]Foreground[]:,
 []


Underfull \hbox (badness 10000) in paragraph at lines 326--328
[]| \T1/phv/m/n/10 init[]With[]Persistence[]:max[]Window[]Size[]:max[]
 []


Underfull \hbox (badness 10000) in paragraph at lines 326--328
\T1/phv/m/n/10 Messages[]:max[]Size[]:max[]Connection[]Retry[]
 []


Underfull \hbox (badness 10000) in paragraph at lines 341--343
[]| \T1/phv/m/n/10 session[]Manager[]:did[]Receive[]Message[]:on[]Topic[]
 []

[81] [82]
Underfull \hbox (badness 10000) in paragraph at lines 508--509
[]\T1/phv/m/n/10 store[]Message[]For[]Client[]Id[]:topic[]:data[]:retain[]Flag[
]
 []


Underfull \hbox (badness 10000) in paragraph at lines 508--509
\T1/phv/m/n/10 :qos[]:msg[]Id[]:incoming[]Flag[]:command[]Type[]
 []

[83])
Package atveryend Info: Empty hook `BeforeClearDocument' on input line 182.
Package atveryend Info: Empty hook `AfterLastShipout' on input line 182.
 (./refman.aux)
Package atveryend Info: Executing hook `AtVeryEndDocument' on input line 182.
Package atveryend Info: Executing hook `AtEndAfterFileList' on input line 182.
Package rerunfilecheck Info: File `refman.out' has not changed.
(rerunfilecheck)             Checksum: 7C55680072E770C99B2ADE405C83291D;51301.
Package atveryend Info: Empty hook `AtVeryVeryEnd' on input line 182.
 ) 
Here is how much of TeX's memory you used:
 16127 strings out of 492995
 250631 string characters out of 6132704
 353181 words of memory out of 5000000
 18721 multiletter control sequences out of 15000+600000
 63027 words of font info for 89 fonts, out of 8000000 for 9000
 1141 hyphenation exceptions out of 8191
 53i,16n,92p,3334b,634s stack positions out of 5000i,500n,10000p,200000b,80000s
pdfTeX warning (dest): name{_m_q_t_t_s_s_l_security_policy_8h_source} has bee
n referenced but does not exist, replaced by a fixed one

pdfTeX warning (dest): name{class_m_q_t_t_session_delegate-p} has been referenc
ed but does not exist, replaced by a fixed one

pdfTeX warning (dest): name{_m_q_t_t_session_8h_source} has been referenced but
 does not exist, replaced by a fixed one

pdfTeX warning (dest): name{_m_q_t_t_session_manager_8h_source} has been refere
nced but does not exist, replaced by a fixed one

{/usr/local/texlive/2017/texmf-dist/fonts/enc/dvips/base/8r.enc}</usr/local/tex
live/2017/texmf-dist/fonts/type1/public/amsfonts/cm/cmmi10.pfb></usr/local/texl
ive/2017/texmf-dist/fonts/type1/public/amsfonts/cm/cmmi12.pfb></usr/local/texli
ve/2017/texmf-dist/fonts/type1/public/amsfonts/cm/cmmi7.pfb></usr/local/texlive
/2017/texmf-dist/fonts/type1/public/amsfonts/cm/cmmi8.pfb></usr/local/texlive/2
017/texmf-dist/fonts/type1/public/amsfonts/cm/cmsy10.pfb></usr/local/texlive/20
17/texmf-dist/fonts/type1/public/amsfonts/cm/cmsy6.pfb></usr/local/texlive/2017
/texmf-dist/fonts/type1/public/amsfonts/cm/cmsy7.pfb></usr/local/texlive/2017/t
exmf-dist/fonts/type1/public/amsfonts/cm/cmsy8.pfb></usr/local/texlive/2017/tex
mf-dist/fonts/type1/urw/courier/ucrr8a.pfb></usr/local/texlive/2017/texmf-dist/
fonts/type1/urw/courier/ucrro8a.pfb></usr/local/texlive/2017/texmf-dist/fonts/t
ype1/urw/helvetic/uhvb8a.pfb></usr/local/texlive/2017/texmf-dist/fonts/type1/ur
w/helvetic/uhvb8ac.pfb></usr/local/texlive/2017/texmf-dist/fonts/type1/urw/helv
etic/uhvr8a.pfb></usr/local/texlive/2017/texmf-dist/fonts/type1/urw/helvetic/uh
vro8a.pfb>
Output written on refman.pdf (93 pages, 408324 bytes).
PDF statistics:
 3028 PDF objects out of 3580 (max. 8388607)
 2795 compressed objects within 28 object streams
 657 named destinations out of 1000 (max. 500000)
 1853 words of extra memory for PDF output out of 10000 (max. 10000000)

